Using pre-set license
Built from '2022.3/staging' branch; Version is '2022.3.30f1 (70558241b701) revision 7361922'; Using compiler version '192829333'; Build Type 'Release'
OS: 'Windows 10  (10.0.19045) 64bit Professional' Language: 'ru' Physical Memory: 12220 MB
BatchMode: 1, IsHumanControllingUs: 0, StartBugReporterOnCrash: 0, Is64bit: 1, IsPro: 1

COMMAND LINE ARGUMENTS:
C:\Program Files\Unity\Hub\Editor\2022.3.30f1\Editor\Unity.exe
-adb2
-batchMode
-noUpm
-name
AssetImportWorker2
-projectPath
C:/Users/Public/Documents/GitHub Projects/2D_Tower_Defense/2D_Tower_Defense
-logFile
Logs/AssetImportWorker2.log
-srvPort
50209
Successfully changed project path to: C:/Users/Public/Documents/GitHub Projects/2D_Tower_Defense/2D_Tower_Defense
C:/Users/Public/Documents/GitHub Projects/2D_Tower_Defense/2D_Tower_Defense
[UnityMemory] Configuration Parameters - Can be set up in boot.config
    "memorysetup-bucket-allocator-granularity=16"
    "memorysetup-bucket-allocator-bucket-count=8"
    "memorysetup-bucket-allocator-block-size=33554432"
    "memorysetup-bucket-allocator-block-count=8"
    "memorysetup-main-allocator-block-size=16777216"
    "memorysetup-thread-allocator-block-size=16777216"
    "memorysetup-gfx-main-allocator-block-size=16777216"
    "memorysetup-gfx-thread-allocator-block-size=16777216"
    "memorysetup-cache-allocator-block-size=4194304"
    "memorysetup-typetree-allocator-block-size=2097152"
    "memorysetup-profiler-bucket-allocator-granularity=16"
    "memorysetup-profiler-bucket-allocator-bucket-count=8"
    "memorysetup-profiler-bucket-allocator-block-size=33554432"
    "memorysetup-profiler-bucket-allocator-block-count=8"
    "memorysetup-profiler-allocator-block-size=16777216"
    "memorysetup-profiler-editor-allocator-block-size=1048576"
    "memorysetup-temp-allocator-size-main=16777216"
    "memorysetup-job-temp-allocator-block-size=2097152"
    "memorysetup-job-temp-allocator-block-size-background=1048576"
    "memorysetup-job-temp-allocator-reduction-small-platforms=262144"
    "memorysetup-allocator-temp-initial-block-size-main=262144"
    "memorysetup-allocator-temp-initial-block-size-worker=262144"
    "memorysetup-temp-allocator-size-background-worker=32768"
    "memorysetup-temp-allocator-size-job-worker=262144"
    "memorysetup-temp-allocator-size-preload-manager=33554432"
    "memorysetup-temp-allocator-size-nav-mesh-worker=65536"
    "memorysetup-temp-allocator-size-audio-worker=65536"
    "memorysetup-temp-allocator-size-cloud-worker=32768"
    "memorysetup-temp-allocator-size-gi-baking-worker=262144"
    "memorysetup-temp-allocator-size-gfx=262144"
Player connection [4988] Host "[IP] 192.168.43.108 [Port] 0 [Flags] 2 [Guid] 3832951133 [EditorId] 3832951133 [Version] 1048832 [Id] WindowsEditor(7,DESKTOP-PAUMF7N) [Debug] 1 [PackageName] WindowsEditor [ProjectName] Editor" joined multi-casting on [225.0.0.222:54997]...

Player connection [4988] Host "[IP] 192.168.43.108 [Port] 0 [Flags] 2 [Guid] 3832951133 [EditorId] 3832951133 [Version] 1048832 [Id] WindowsEditor(7,DESKTOP-PAUMF7N) [Debug] 1 [PackageName] WindowsEditor [ProjectName] Editor" joined alternative multi-casting on [225.0.0.222:34997]...

[Physics::Module] Initialized MultithreadedJobDispatcher with 15 workers.
Refreshing native plugins compatible for Editor in 13.00 ms, found 7 plugins.
Preloading 0 native plugins for Editor in 0.00 ms.
Initialize engine version: 2022.3.30f1 (70558241b701)
[Subsystems] Discovering subsystems at path C:/Program Files/Unity/Hub/Editor/2022.3.30f1/Editor/Data/Resources/UnitySubsystems
[Subsystems] Discovering subsystems at path C:/Users/Public/Documents/GitHub Projects/2D_Tower_Defense/2D_Tower_Defense/Assets
GfxDevice: creating device client; threaded=0; jobified=0
Direct3D:
    Version:  Direct3D 11.0 [level 11.1]
    Renderer: AMD Radeon(TM) Graphics (ID=0x1636)
    Vendor:   ATI
    VRAM:     6110 MB
    Driver:   31.0.21912.14
Initialize mono
Mono path[0] = 'C:/Program Files/Unity/Hub/Editor/2022.3.30f1/Editor/Data/Managed'
Mono path[1] = 'C:/Program Files/Unity/Hub/Editor/2022.3.30f1/Editor/Data/MonoBleedingEdge/lib/mono/unityjit-win32'
Mono config path = 'C:/Program Files/Unity/Hub/Editor/2022.3.30f1/Editor/Data/MonoBleedingEdge/etc'
Using monoOptions --debugger-agent=transport=dt_socket,embedding=1,server=y,suspend=n,address=127.0.0.1:56852
Begin MonoManager ReloadAssembly
Registering precompiled unity dll's ...
Register platform support module: C:/Program Files/Unity/Hub/Editor/2022.3.30f1/Editor/Data/PlaybackEngines/AndroidPlayer/UnityEditor.Android.Extensions.dll
Register platform support module: C:/Program Files/Unity/Hub/Editor/2022.3.30f1/Editor/Data/PlaybackEngines/WindowsStandaloneSupport/UnityEditor.WindowsStandalone.Extensions.dll
Register platform support module: C:/Program Files/Unity/Hub/Editor/2022.3.30f1/Editor/Data/PlaybackEngines/MetroSupport/UnityEditor.UWP.Extensions.dll
Registered in 0.012041 seconds.
- Loaded All Assemblies, in  0.426 seconds
Native extension for UWP target not found
Native extension for WindowsStandalone target not found
Native extension for Android target not found
Android Extension - Scanning For ADB Devices 2250 ms
Mono: successfully reloaded assembly
- Finished resetting the current domain, in  2.643 seconds
Domain Reload Profiling: 3068ms
	BeginReloadAssembly (135ms)
		ExecutionOrderSort (0ms)
		DisableScriptedObjects (0ms)
		BackupInstance (0ms)
		ReleaseScriptingObjects (0ms)
		CreateAndSetChildDomain (2ms)
	RebuildCommonClasses (39ms)
	RebuildNativeTypeToScriptingClass (12ms)
	initialDomainReloadingComplete (69ms)
	LoadAllAssembliesAndSetupDomain (169ms)
		LoadAssemblies (132ms)
		RebuildTransferFunctionScriptingTraits (0ms)
		AnalyzeDomain (166ms)
			TypeCache.Refresh (165ms)
				TypeCache.ScanAssembly (149ms)
			ScanForSourceGeneratedMonoScriptInfo (0ms)
			ResolveRequiredComponents (0ms)
	FinalizeReload (2644ms)
		ReleaseScriptCaches (0ms)
		RebuildScriptCaches (0ms)
		SetupLoadedEditorAssemblies (2579ms)
			LogAssemblyErrors (0ms)
			InitializePlatformSupportModulesInManaged (2369ms)
			SetLoadedEditorAssemblies (5ms)
			RefreshPlugins (0ms)
			BeforeProcessingInitializeOnLoad (3ms)
			ProcessInitializeOnLoadAttributes (143ms)
			ProcessInitializeOnLoadMethodAttributes (60ms)
			AfterProcessingInitializeOnLoad (0ms)
			EditorAssembliesLoaded (0ms)
		ExecutionOrderSort2 (0ms)
		AwakeInstancesAfterBackupRestoration (0ms)
========================================================================
Worker process is ready to serve import requests
Begin MonoManager ReloadAssembly
- Loaded All Assemblies, in  0.870 seconds
Refreshing native plugins compatible for Editor in 6.36 ms, found 7 plugins.
Native extension for UWP target not found
Native extension for WindowsStandalone target not found
Native extension for Android target not found
Package Manager log level set to [2]
[Package Manager] Server::EnsureServerProcessIsRunning -- launch failed, reason: Unity was launched with the -noUpm command-line argument
[Package Manager] UpmClient::Send -- Unable to send message (not connected to UPM process).
[Package Manager] Cannot connect to Unity Package Manager local server
Mono: successfully reloaded assembly
- Finished resetting the current domain, in  0.691 seconds
Domain Reload Profiling: 1558ms
	BeginReloadAssembly (174ms)
		ExecutionOrderSort (0ms)
		DisableScriptedObjects (6ms)
		BackupInstance (0ms)
		ReleaseScriptingObjects (0ms)
		CreateAndSetChildDomain (27ms)
	RebuildCommonClasses (41ms)
	RebuildNativeTypeToScriptingClass (11ms)
	initialDomainReloadingComplete (46ms)
	LoadAllAssembliesAndSetupDomain (593ms)
		LoadAssemblies (446ms)
		RebuildTransferFunctionScriptingTraits (0ms)
		AnalyzeDomain (252ms)
			TypeCache.Refresh (207ms)
				TypeCache.ScanAssembly (176ms)
			ScanForSourceGeneratedMonoScriptInfo (32ms)
			ResolveRequiredComponents (11ms)
	FinalizeReload (692ms)
		ReleaseScriptCaches (0ms)
		RebuildScriptCaches (0ms)
		SetupLoadedEditorAssemblies (505ms)
			LogAssemblyErrors (0ms)
			InitializePlatformSupportModulesInManaged (30ms)
			SetLoadedEditorAssemblies (4ms)
			RefreshPlugins (0ms)
			BeforeProcessingInitializeOnLoad (77ms)
			ProcessInitializeOnLoadAttributes (345ms)
			ProcessInitializeOnLoadMethodAttributes (43ms)
			AfterProcessingInitializeOnLoad (7ms)
			EditorAssembliesLoaded (0ms)
		ExecutionOrderSort2 (0ms)
		AwakeInstancesAfterBackupRestoration (6ms)
Launched and connected shader compiler UnityShaderCompiler.exe after 0.09 seconds
Refreshing native plugins compatible for Editor in 7.69 ms, found 7 plugins.
Preloading 0 native plugins for Editor in 0.00 ms.
Unloading 4283 Unused Serialized files (Serialized files now loaded: 0)
Unloading 71 unused Assets / (64.8 KB). Loaded Objects now: 4741.
Memory consumption went from 153.9 MB to 153.9 MB.
Total: 5.372600 ms (FindLiveObjects: 0.585100 ms CreateObjectMapping: 0.290700 ms MarkObjects: 4.143400 ms  DeleteObjects: 0.351600 ms)

AssetImportParameters requested are different than current active one (requested -> active):
  custom:container-demuxer-ogg: 62fdf1f143b41e24485cea50d1cbac27 -> 
  custom:video-decoder-ogg-theora: a1e56fd34408186e4bbccfd4996cb3dc -> 
  custom:framework-win-MediaFoundation: 216162199b28c13a410421893ffa2e32 -> 
  custom:CustomObjectIndexerAttribute: 9a22284fe3817be447336de3de66b15e -> 
  custom:container-demuxer-webm: 4f35f7cbe854078d1ac9338744f61a02 -> 
  custom:container-muxer-webm: aa71ff27fc2769a1b78a27578f13a17b -> 
  custom:video-decoder-webm-vp8: 9c59270c3fd7afecdb556c50c9e8de78 -> 
  custom:SearchIndexIgnoredProperties: e643bd26f0fe6173181afceb89e7c659 -> 
  custom:AudioImporter_EditorPlatform: d09bf68614088b80899f8185d706f6e7 -> 
  custom:video-encoder-webm-vp8: eb34c28f22e8b96e1ab97ce403110664 -> 
  custom:audio-decoder-ogg-vorbis: bf7c407c2cedff20999df2af8eb42d56 -> 
  custom:audio-encoder-webm-vorbis: bf7c407c2cedff20999df2af8eb42d56 -> 
========================================================================
Received Import Request.
  Time since last request: 3236.218158 seconds.
  path: Assets/Art/a2.png
  artifactKey: Guid(858f3910cf906634fbddbed98887a0f2) Importer(2089858483,0ecaa5967403d082aa24f35e1b516d23)
Start importing Assets/Art/a2.png using Guid(858f3910cf906634fbddbed98887a0f2) Importer(2089858483,0ecaa5967403d082aa24f35e1b516d23)  -> (artifact id: 'e236d3c13d0bc0a4655fb670594c3ed2') in 0.216531 seconds
Number of updated asset objects reloaded before import = 0
Number of asset objects unloaded after import = 3
========================================================================
Received Import Request.
  Time since last request: 0.000046 seconds.
  path: Assets/Art/18.png
  artifactKey: Guid(961542bf834d173448be6e9b235a3b66) Importer(2089858483,0ecaa5967403d082aa24f35e1b516d23)
Start importing Assets/Art/18.png using Guid(961542bf834d173448be6e9b235a3b66) Importer(2089858483,0ecaa5967403d082aa24f35e1b516d23)  -> (artifact id: '7db40ed1abda55b240d4969996f68a8e') in 0.057185 seconds
Number of updated asset objects reloaded before import = 0
Number of asset objects unloaded after import = 3
========================================================================
Received Import Request.
  Time since last request: 0.000045 seconds.
  path: Assets/Art/6.png
  artifactKey: Guid(e1646f9678b98df4ca19582c97fecfce) Importer(2089858483,0ecaa5967403d082aa24f35e1b516d23)
Start importing Assets/Art/6.png using Guid(e1646f9678b98df4ca19582c97fecfce) Importer(2089858483,0ecaa5967403d082aa24f35e1b516d23)  -> (artifact id: 'a71f075551975ace43c2bf5fd626fa7a') in 0.032102 seconds
Number of updated asset objects reloaded before import = 0
Number of asset objects unloaded after import = 3
========================================================================
Received Import Request.
  Time since last request: 0.000023 seconds.
  path: Assets/Art/15.png
  artifactKey: Guid(44d4da46968bfaf469dec1b39a0e463b) Importer(2089858483,0ecaa5967403d082aa24f35e1b516d23)
Start importing Assets/Art/15.png using Guid(44d4da46968bfaf469dec1b39a0e463b) Importer(2089858483,0ecaa5967403d082aa24f35e1b516d23)  -> (artifact id: '1d1c71080c440b65f6bdd3431f177563') in 0.028128 seconds
Number of updated asset objects reloaded before import = 0
Number of asset objects unloaded after import = 3
========================================================================
Received Import Request.
  Time since last request: 0.000026 seconds.
  path: Assets/Art/Kt_s.png
  artifactKey: Guid(5ed743dc7809a3741a030b9a858ae422) Importer(2089858483,0ecaa5967403d082aa24f35e1b516d23)
Start importing Assets/Art/Kt_s.png using Guid(5ed743dc7809a3741a030b9a858ae422) Importer(2089858483,0ecaa5967403d082aa24f35e1b516d23)  -> (artifact id: 'e35fc35dcb24f900f1c8f7f69ebb4ade') in 0.031556 seconds
Number of updated asset objects reloaded before import = 0
Number of asset objects unloaded after import = 3
========================================================================
Received Import Request.
  Time since last request: 0.000037 seconds.
  path: Assets/Art/Fire_s.png
  artifactKey: Guid(bef141d2bfd071a48b9ac693227eb951) Importer(2089858483,0ecaa5967403d082aa24f35e1b516d23)
Start importing Assets/Art/Fire_s.png using Guid(bef141d2bfd071a48b9ac693227eb951) Importer(2089858483,0ecaa5967403d082aa24f35e1b516d23)  -> (artifact id: 'f2cd843dba981ce0acd76da93d18cae1') in 0.035903 seconds
Number of updated asset objects reloaded before import = 0
Number of asset objects unloaded after import = 3
========================================================================
Received Import Request.
  Time since last request: 0.000103 seconds.
  path: Assets/Art/28.png
  artifactKey: Guid(87e0ebf882f26504d83c95490d67005e) Importer(2089858483,0ecaa5967403d082aa24f35e1b516d23)
Start importing Assets/Art/28.png using Guid(87e0ebf882f26504d83c95490d67005e) Importer(2089858483,0ecaa5967403d082aa24f35e1b516d23)  -> (artifact id: '9d59c7df89b24b3b7ea28bfbd77509d3') in 0.034478 seconds
Number of updated asset objects reloaded before import = 0
Number of asset objects unloaded after import = 3
========================================================================
Received Import Request.
  Time since last request: 0.000036 seconds.
  path: Assets/Art/Bar 1.png
  artifactKey: Guid(f66b8ca2c2ce86b46b059120c784c6c8) Importer(2089858483,0ecaa5967403d082aa24f35e1b516d23)
Start importing Assets/Art/Bar 1.png using Guid(f66b8ca2c2ce86b46b059120c784c6c8) Importer(2089858483,0ecaa5967403d082aa24f35e1b516d23)  -> (artifact id: '3b9f5c6bc466106f186683b340ee1a6f') in 0.038334 seconds
Number of updated asset objects reloaded before import = 0
Number of asset objects unloaded after import = 3
========================================================================
Received Import Request.
  Time since last request: 0.000047 seconds.
  path: Assets/Art/back_B.png
  artifactKey: Guid(4ae04eaa45a09f04c9e5d6b45c7241f9) Importer(2089858483,0ecaa5967403d082aa24f35e1b516d23)
Start importing Assets/Art/back_B.png using Guid(4ae04eaa45a09f04c9e5d6b45c7241f9) Importer(2089858483,0ecaa5967403d082aa24f35e1b516d23)  -> (artifact id: '7e6caad396abdd594d28a8e206220129') in 0.033085 seconds
Number of updated asset objects reloaded before import = 0
Number of asset objects unloaded after import = 3
========================================================================
Received Import Request.
  Time since last request: 0.000068 seconds.
  path: Assets/Art/Helmet B.png
  artifactKey: Guid(2835000d5ce1a594ebbe693e1fc327ca) Importer(2089858483,0ecaa5967403d082aa24f35e1b516d23)
Start importing Assets/Art/Helmet B.png using Guid(2835000d5ce1a594ebbe693e1fc327ca) Importer(2089858483,0ecaa5967403d082aa24f35e1b516d23)  -> (artifact id: 'a4b0c4da35f7c06640cdd88fb3b8ad04') in 0.033155 seconds
Number of updated asset objects reloaded before import = 0
Number of asset objects unloaded after import = 3
========================================================================
Received Import Request.
  Time since last request: 0.000036 seconds.
  path: Assets/Art/FinalMapPhone.png
  artifactKey: Guid(3595a333bafecb34e94ff8b1f8c6d140) Importer(2089858483,0ecaa5967403d082aa24f35e1b516d23)
Start importing Assets/Art/FinalMapPhone.png using Guid(3595a333bafecb34e94ff8b1f8c6d140) Importer(2089858483,0ecaa5967403d082aa24f35e1b516d23)  -> (artifact id: '0dbf4cee09e766c9dfcbc00c54708ec1') in 0.043567 seconds
Number of updated asset objects reloaded before import = 0
Number of asset objects unloaded after import = 3
========================================================================
Received Import Request.
  Time since last request: 0.000056 seconds.
  path: Assets/Art/5.png
  artifactKey: Guid(7838242f635b71c4d8b09f2d04849dc5) Importer(2089858483,0ecaa5967403d082aa24f35e1b516d23)
Start importing Assets/Art/5.png using Guid(7838242f635b71c4d8b09f2d04849dc5) Importer(2089858483,0ecaa5967403d082aa24f35e1b516d23)  -> (artifact id: '6777bf6842452ab26f6b42ab48b6643a') in 0.037373 seconds
Number of updated asset objects reloaded before import = 0
Number of asset objects unloaded after import = 3
========================================================================
Received Import Request.
  Time since last request: 0.000043 seconds.
  path: Assets/Art/Damage_s.png
  artifactKey: Guid(aae4463342d1b6b408c300ada78cbde7) Importer(2089858483,0ecaa5967403d082aa24f35e1b516d23)
Start importing Assets/Art/Damage_s.png using Guid(aae4463342d1b6b408c300ada78cbde7) Importer(2089858483,0ecaa5967403d082aa24f35e1b516d23)  -> (artifact id: '2220b7c9157e2593fad82abad50a80e3') in 0.057334 seconds
Number of updated asset objects reloaded before import = 0
Number of asset objects unloaded after import = 3
========================================================================
Received Import Request.
  Time since last request: 0.000025 seconds.
  path: Assets/Art/Ice_s.png
  artifactKey: Guid(9349aeb81fa4f594da4696f3ce7f3066) Importer(2089858483,0ecaa5967403d082aa24f35e1b516d23)
Start importing Assets/Art/Ice_s.png using Guid(9349aeb81fa4f594da4696f3ce7f3066) Importer(2089858483,0ecaa5967403d082aa24f35e1b516d23)  -> (artifact id: '95a294772178d39d3347bbf9eb36481b') in 0.032921 seconds
Number of updated asset objects reloaded before import = 0
Number of asset objects unloaded after import = 3
========================================================================
Received Import Request.
  Time since last request: 0.000036 seconds.
  path: Assets/Art/cloud.png
  artifactKey: Guid(93b35961811052e4da195c27562938d3) Importer(2089858483,0ecaa5967403d082aa24f35e1b516d23)
Start importing Assets/Art/cloud.png using Guid(93b35961811052e4da195c27562938d3) Importer(2089858483,0ecaa5967403d082aa24f35e1b516d23)  -> (artifact id: 'fe65ee2bbfa61a0c81735a4a2d8fa94b') in 0.033815 seconds
Number of updated asset objects reloaded before import = 0
Number of asset objects unloaded after import = 3
========================================================================
Received Import Request.
  Time since last request: 0.000045 seconds.
  path: Assets/Art/1d.png
  artifactKey: Guid(af82d0dfc0d13cd49b7782d911703650) Importer(2089858483,0ecaa5967403d082aa24f35e1b516d23)
Start importing Assets/Art/1d.png using Guid(af82d0dfc0d13cd49b7782d911703650) Importer(2089858483,0ecaa5967403d082aa24f35e1b516d23)  -> (artifact id: '775277d83372fbd68d83395a3028eeff') in 0.032335 seconds
Number of updated asset objects reloaded before import = 0
Number of asset objects unloaded after import = 3
========================================================================
Received Import Request.
  Time since last request: 0.000021 seconds.
  path: Assets/Art/4.png
  artifactKey: Guid(8aaa7a3f52e1a734285180f266188f60) Importer(2089858483,0ecaa5967403d082aa24f35e1b516d23)
Start importing Assets/Art/4.png using Guid(8aaa7a3f52e1a734285180f266188f60) Importer(2089858483,0ecaa5967403d082aa24f35e1b516d23)  -> (artifact id: '051c942e0290b845f6d8ccd247baad95') in 0.028622 seconds
Number of updated asset objects reloaded before import = 0
Number of asset objects unloaded after import = 3
========================================================================
Received Import Request.
  Time since last request: 0.000035 seconds.
  path: Assets/Scripts/BuildSite.cs
  artifactKey: Guid(752757ad5eacd99478d63ebfed9fedbd) Importer(2089858483,0ecaa5967403d082aa24f35e1b516d23)
Start importing Assets/Scripts/BuildSite.cs using Guid(752757ad5eacd99478d63ebfed9fedbd) Importer(2089858483,0ecaa5967403d082aa24f35e1b516d23)  -> (artifact id: 'dbc39547c0ca6b83df4595b90a7825fa') in 0.027094 seconds
Number of updated asset objects reloaded before import = 0
Number of asset objects unloaded after import = 1
========================================================================
Received Import Request.
  Time since last request: 0.000043 seconds.
  path: Assets/Art/money.png
  artifactKey: Guid(d255e1159856ff74ebbd90db121a12b4) Importer(2089858483,0ecaa5967403d082aa24f35e1b516d23)
Start importing Assets/Art/money.png using Guid(d255e1159856ff74ebbd90db121a12b4) Importer(2089858483,0ecaa5967403d082aa24f35e1b516d23)  -> (artifact id: '2139df82fff021cf7056a04f3d74c54d') in 0.039906 seconds
Number of updated asset objects reloaded before import = 0
Number of asset objects unloaded after import = 3
========================================================================
Received Import Request.
  Time since last request: 0.000027 seconds.
  path: Assets/Art/shackles.png
  artifactKey: Guid(d693dad96f0294444aaeb10483d6e2cd) Importer(2089858483,0ecaa5967403d082aa24f35e1b516d23)
Start importing Assets/Art/shackles.png using Guid(d693dad96f0294444aaeb10483d6e2cd) Importer(2089858483,0ecaa5967403d082aa24f35e1b516d23)  -> (artifact id: '14bc25354b42088bc25b7547182a23ac') in 0.034966 seconds
Number of updated asset objects reloaded before import = 0
Number of asset objects unloaded after import = 3
========================================================================
Received Import Request.
  Time since last request: 0.000060 seconds.
  path: Assets/Prefabs/UpgradeController.prefab
  artifactKey: Guid(2bcae285d58741a42b3d2e2114f20c87) Importer(2089858483,0ecaa5967403d082aa24f35e1b516d23)
Start importing Assets/Prefabs/UpgradeController.prefab using Guid(2bcae285d58741a42b3d2e2114f20c87) Importer(2089858483,0ecaa5967403d082aa24f35e1b516d23)  -> (artifact id: '0fb49a3cfbace107ae62f74da213546d') in 0.646036 seconds
Number of updated asset objects reloaded before import = 0
Number of asset objects unloaded after import = 139
========================================================================
Received Import Request.
  Time since last request: 0.000051 seconds.
  path: Assets/Prefabs/UI/ButtonPause.prefab
  artifactKey: Guid(05ca6f624fcd94d43a8072eec915075a) Importer(2089858483,0ecaa5967403d082aa24f35e1b516d23)
Start importing Assets/Prefabs/UI/ButtonPause.prefab using Guid(05ca6f624fcd94d43a8072eec915075a) Importer(2089858483,0ecaa5967403d082aa24f35e1b516d23)  -> (artifact id: 'c4a8755c8599afd1aea1604a1a999c66') in 0.097436 seconds
Number of updated asset objects reloaded before import = 0
Number of asset objects unloaded after import = 11
========================================================================
Received Import Request.
  Time since last request: 0.000060 seconds.
  path: Assets/Art/Knight/2.png
  artifactKey: Guid(b50ce09d615e14248ac610924ec5a3f2) Importer(2089858483,0ecaa5967403d082aa24f35e1b516d23)
Start importing Assets/Art/Knight/2.png using Guid(b50ce09d615e14248ac610924ec5a3f2) Importer(2089858483,0ecaa5967403d082aa24f35e1b516d23)  -> (artifact id: '0c19354fd60accde0544c735e4f4376b') in 0.036658 seconds
Number of updated asset objects reloaded before import = 0
Number of asset objects unloaded after import = 3
========================================================================
Received Import Request.
  Time since last request: 0.000037 seconds.
  path: Assets/Prefabs/Projectile/Arrow.prefab
  artifactKey: Guid(7a20ec65c4110224e91c993efb9c0805) Importer(2089858483,0ecaa5967403d082aa24f35e1b516d23)
Start importing Assets/Prefabs/Projectile/Arrow.prefab using Guid(7a20ec65c4110224e91c993efb9c0805) Importer(2089858483,0ecaa5967403d082aa24f35e1b516d23)  -> (artifact id: 'd831a21f4b173c0f6790aff6602d3dd0') in 0.037577 seconds
Number of updated asset objects reloaded before import = 0
Number of asset objects unloaded after import = 15
========================================================================
Received Import Request.
  Time since last request: 0.000056 seconds.
  path: Assets/Art/10.png
  artifactKey: Guid(6b089baacab6c424296fa9b9b2080660) Importer(2089858483,0ecaa5967403d082aa24f35e1b516d23)
Start importing Assets/Art/10.png using Guid(6b089baacab6c424296fa9b9b2080660) Importer(2089858483,0ecaa5967403d082aa24f35e1b516d23)  -> (artifact id: '5b4d750044796a87a653adde49cc8419') in 0.030299 seconds
Number of updated asset objects reloaded before import = 0
Number of asset objects unloaded after import = 3
========================================================================
Received Import Request.
  Time since last request: 0.000029 seconds.
  path: Assets/Art/hand.png
  artifactKey: Guid(cd8b9b8263136d74c8e5b2455bef06f9) Importer(2089858483,0ecaa5967403d082aa24f35e1b516d23)
Start importing Assets/Art/hand.png using Guid(cd8b9b8263136d74c8e5b2455bef06f9) Importer(2089858483,0ecaa5967403d082aa24f35e1b516d23)  -> (artifact id: 'e19cbc302502cfac0a195c04e47e4ea2') in 0.031586 seconds
Number of updated asset objects reloaded before import = 0
Number of asset objects unloaded after import = 3
========================================================================
Received Import Request.
  Time since last request: 0.000081 seconds.
  path: Assets/Art/Exit.png
  artifactKey: Guid(735ce0434fa200840bb84d1e526e91bd) Importer(2089858483,0ecaa5967403d082aa24f35e1b516d23)
Start importing Assets/Art/Exit.png using Guid(735ce0434fa200840bb84d1e526e91bd) Importer(2089858483,0ecaa5967403d082aa24f35e1b516d23)  -> (artifact id: 'f0eb9706bb384d403f1a2be7a0113509') in 0.055070 seconds
Number of updated asset objects reloaded before import = 0
Number of asset objects unloaded after import = 3
========================================================================
Received Import Request.
  Time since last request: 0.000067 seconds.
  path: Assets/Scripts/Level/BackgroundElement.cs
  artifactKey: Guid(29c2635fba8b2fb43b5423f892ee227d) Importer(2089858483,0ecaa5967403d082aa24f35e1b516d23)
Start importing Assets/Scripts/Level/BackgroundElement.cs using Guid(29c2635fba8b2fb43b5423f892ee227d) Importer(2089858483,0ecaa5967403d082aa24f35e1b516d23)  -> (artifact id: 'c4e58f46a24f97e477a233714d67451b') in 0.023314 seconds
Number of updated asset objects reloaded before import = 0
Number of asset objects unloaded after import = 1
========================================================================
Received Import Request.
  Time since last request: 0.000051 seconds.
  path: Assets/Scripts/Turret/TuerretProperties.cs
  artifactKey: Guid(916880f3bb8ee144ebabbc33075108f3) Importer(2089858483,0ecaa5967403d082aa24f35e1b516d23)
Start importing Assets/Scripts/Turret/TuerretProperties.cs using Guid(916880f3bb8ee144ebabbc33075108f3) Importer(2089858483,0ecaa5967403d082aa24f35e1b516d23)  -> (artifact id: '91d35264dbcb7b51bae3eca97385e5b2') in 0.023185 seconds
Number of updated asset objects reloaded before import = 0
Number of asset objects unloaded after import = 1
========================================================================
Received Import Request.
  Time since last request: 0.000033 seconds.
  path: Assets/Scripts/Sound/SoundsAsset.cs
  artifactKey: Guid(0da419a472f9c5e4c980ef0c12224a53) Importer(2089858483,0ecaa5967403d082aa24f35e1b516d23)
Start importing Assets/Scripts/Sound/SoundsAsset.cs using Guid(0da419a472f9c5e4c980ef0c12224a53) Importer(2089858483,0ecaa5967403d082aa24f35e1b516d23)  -> (artifact id: 'ac9d3841989649dc6a6e45b2d5801c2c') in 0.022440 seconds
Number of updated asset objects reloaded before import = 0
Number of asset objects unloaded after import = 1
========================================================================
Received Import Request.
  Time since last request: 0.000038 seconds.
  path: Assets/Scripts/Level/Path.cs
  artifactKey: Guid(ea7a30e92a1983e4ba466799a6a95bfa) Importer(2089858483,0ecaa5967403d082aa24f35e1b516d23)
Start importing Assets/Scripts/Level/Path.cs using Guid(ea7a30e92a1983e4ba466799a6a95bfa) Importer(2089858483,0ecaa5967403d082aa24f35e1b516d23)  -> (artifact id: 'c449c723f9e7a4fa8db09b8cc131f0f1') in 0.028824 seconds
Number of updated asset objects reloaded before import = 0
Number of asset objects unloaded after import = 1
========================================================================
Received Import Request.
  Time since last request: 0.000030 seconds.
  path: Assets/Scripts/Ui/MainMenuController.cs
  artifactKey: Guid(8b3f832b04236b34eb09013c2400398a) Importer(2089858483,0ecaa5967403d082aa24f35e1b516d23)
Start importing Assets/Scripts/Ui/MainMenuController.cs using Guid(8b3f832b04236b34eb09013c2400398a) Importer(2089858483,0ecaa5967403d082aa24f35e1b516d23)  -> (artifact id: 'e81134c26592d811166f1e39bbe3dac6') in 0.021609 seconds
Number of updated asset objects reloaded before import = 0
Number of asset objects unloaded after import = 1
========================================================================
Received Import Request.
  Time since last request: 0.000058 seconds.
  path: Assets/Art/Map2Phone.png
  artifactKey: Guid(f50b1d45c3bf394468b9943fd69530ba) Importer(2089858483,0ecaa5967403d082aa24f35e1b516d23)
Start importing Assets/Art/Map2Phone.png using Guid(f50b1d45c3bf394468b9943fd69530ba) Importer(2089858483,0ecaa5967403d082aa24f35e1b516d23)  -> (artifact id: 'bf00fc16deaaa53442466f47a98c6688') in 0.056535 seconds
Number of updated asset objects reloaded before import = 0
Number of asset objects unloaded after import = 3
========================================================================
Received Import Request.
  Time since last request: 0.000050 seconds.
  path: Assets/Scripts/Sound/Sound.cs
  artifactKey: Guid(09ded3b8229b74d42bbbefb04f926ffe) Importer(2089858483,0ecaa5967403d082aa24f35e1b516d23)
Start importing Assets/Scripts/Sound/Sound.cs using Guid(09ded3b8229b74d42bbbefb04f926ffe) Importer(2089858483,0ecaa5967403d082aa24f35e1b516d23)  -> (artifact id: '5138649861efb5806b5074f4fa17b2bf') in 0.023030 seconds
Number of updated asset objects reloaded before import = 0
Number of asset objects unloaded after import = 1
========================================================================
Received Import Request.
  Time since last request: 0.000043 seconds.
  path: Assets/Art/c_point3.png
  artifactKey: Guid(226a53bbc3b1af34b84d6d638a0239de) Importer(2089858483,0ecaa5967403d082aa24f35e1b516d23)
Start importing Assets/Art/c_point3.png using Guid(226a53bbc3b1af34b84d6d638a0239de) Importer(2089858483,0ecaa5967403d082aa24f35e1b516d23)  -> (artifact id: '5f15ef727ce10699d664e7ea146728a3') in 0.065781 seconds
Number of updated asset objects reloaded before import = 0
Number of asset objects unloaded after import = 3
========================================================================
Received Import Request.
  Time since last request: 0.000072 seconds.
  path: Assets/ScriptableObjects/Projectile/Properties_Arrow.asset
  artifactKey: Guid(2e226db2a631a1349a14bed11c127dc1) Importer(2089858483,0ecaa5967403d082aa24f35e1b516d23)
Start importing Assets/ScriptableObjects/Projectile/Properties_Arrow.asset using Guid(2e226db2a631a1349a14bed11c127dc1) Importer(2089858483,0ecaa5967403d082aa24f35e1b516d23)  -> (artifact id: 'dec5639ba0053ee37fead4fd8afe2a26') in 0.045439 seconds
Number of updated asset objects reloaded before import = 0
Number of asset objects unloaded after import = 1
========================================================================
Received Import Request.
  Time since last request: 0.000045 seconds.
  path: Assets/Prefabs/Projectile/PierceArrow.prefab
  artifactKey: Guid(ce6fe2f00013cf347bccc17d3f317fa4) Importer(2089858483,0ecaa5967403d082aa24f35e1b516d23)
Start importing Assets/Prefabs/Projectile/PierceArrow.prefab using Guid(ce6fe2f00013cf347bccc17d3f317fa4) Importer(2089858483,0ecaa5967403d082aa24f35e1b516d23)  -> (artifact id: 'c133e2f266ec581286264b356db26c6d') in 0.033007 seconds
Number of updated asset objects reloaded before import = 0
Number of asset objects unloaded after import = 15
========================================================================
Received Import Request.
  Time since last request: 0.000090 seconds.
  path: Assets/MarketController.cs
  artifactKey: Guid(6b18d59ce6b87b04a85c004e98c53a7f) Importer(2089858483,0ecaa5967403d082aa24f35e1b516d23)
Start importing Assets/MarketController.cs using Guid(6b18d59ce6b87b04a85c004e98c53a7f) Importer(2089858483,0ecaa5967403d082aa24f35e1b516d23)  -> (artifact id: '774e47b7e07820470ea39ae21b0a4638') in 0.026283 seconds
Number of updated asset objects reloaded before import = 0
Number of asset objects unloaded after import = 1
========================================================================
Received Import Request.
  Time since last request: 0.000046 seconds.
  path: Assets/Art/Clicked.png
  artifactKey: Guid(fbb604bf7324ea84eaccc161974f6ab7) Importer(2089858483,0ecaa5967403d082aa24f35e1b516d23)
Start importing Assets/Art/Clicked.png using Guid(fbb604bf7324ea84eaccc161974f6ab7) Importer(2089858483,0ecaa5967403d082aa24f35e1b516d23)  -> (artifact id: '1434187eaa9726968536586d0ccadc31') in 0.031324 seconds
Number of updated asset objects reloaded before import = 0
Number of asset objects unloaded after import = 3
========================================================================
Received Import Request.
  Time since last request: 0.000084 seconds.
  path: Assets/Art/Map2.png
  artifactKey: Guid(612e228bad03b6c46b51092c17a9fa9b) Importer(2089858483,0ecaa5967403d082aa24f35e1b516d23)
Start importing Assets/Art/Map2.png using Guid(612e228bad03b6c46b51092c17a9fa9b) Importer(2089858483,0ecaa5967403d082aa24f35e1b516d23)  -> (artifact id: '702c76c04702a41651997cbe4e07c9a8') in 0.032038 seconds
Number of updated asset objects reloaded before import = 0
Number of asset objects unloaded after import = 3
========================================================================
Received Import Request.
  Time since last request: 0.000084 seconds.
  path: Assets/Sounds/Arrow/Arrow2.mp3
  artifactKey: Guid(8963c27ea4e7c3142910c6339251eece) Importer(2089858483,0ecaa5967403d082aa24f35e1b516d23)
Start importing Assets/Sounds/Arrow/Arrow2.mp3 using Guid(8963c27ea4e7c3142910c6339251eece) Importer(2089858483,0ecaa5967403d082aa24f35e1b516d23)  -> (artifact id: 'e20516e81dc9832c261ea1e87a410e57') in 0.059620 seconds
Number of updated asset objects reloaded before import = 0
Number of asset objects unloaded after import = 1
========================================================================
Received Import Request.
  Time since last request: 0.000045 seconds.
  path: Assets/ScriptableObjects/Ability/Attack/AbilityFireAttack.asset
  artifactKey: Guid(f2a593eb0326c414c81a84be2ef16289) Importer(2089858483,0ecaa5967403d082aa24f35e1b516d23)
Start importing Assets/ScriptableObjects/Ability/Attack/AbilityFireAttack.asset using Guid(f2a593eb0326c414c81a84be2ef16289) Importer(2089858483,0ecaa5967403d082aa24f35e1b516d23)  -> (artifact id: '7264ba2c1e18039d854072491042f618') in 0.075856 seconds
Number of updated asset objects reloaded before import = 0
Number of asset objects unloaded after import = 24
========================================================================
Received Import Request.
  Time since last request: 0.000026 seconds.
  path: Assets/Sounds/Arrow/Arrow1.mp3
  artifactKey: Guid(161cb09f9bb752a4a8866f2615a65a41) Importer(2089858483,0ecaa5967403d082aa24f35e1b516d23)
Start importing Assets/Sounds/Arrow/Arrow1.mp3 using Guid(161cb09f9bb752a4a8866f2615a65a41) Importer(2089858483,0ecaa5967403d082aa24f35e1b516d23)  -> (artifact id: '60447595be093b1bf1f8f87dcecf50a4') in 0.083329 seconds
Number of updated asset objects reloaded before import = 0
Number of asset objects unloaded after import = 1
========================================================================
Received Import Request.
  Time since last request: 0.000031 seconds.
  path: Assets/Sounds/Arrow/Arrow3.mp3
  artifactKey: Guid(983c2cb7ec4a9504ba05ecdac9ce173e) Importer(2089858483,0ecaa5967403d082aa24f35e1b516d23)
Start importing Assets/Sounds/Arrow/Arrow3.mp3 using Guid(983c2cb7ec4a9504ba05ecdac9ce173e) Importer(2089858483,0ecaa5967403d082aa24f35e1b516d23)  -> (artifact id: '04d1c38713dc6b9cd6b1bbd77d46c1f8') in 0.096961 seconds
Number of updated asset objects reloaded before import = 0
Number of asset objects unloaded after import = 1
========================================================================
Received Import Request.
  Time since last request: 0.000036 seconds.
  path: Assets/Art/Buttons/Sliced/buttons_1x_sliced.png
  artifactKey: Guid(9dca80e9f44242a49bb9f9cf0e4ad034) Importer(2089858483,0ecaa5967403d082aa24f35e1b516d23)
Start importing Assets/Art/Buttons/Sliced/buttons_1x_sliced.png using Guid(9dca80e9f44242a49bb9f9cf0e4ad034) Importer(2089858483,0ecaa5967403d082aa24f35e1b516d23)  -> (artifact id: 'a009a8d5ccce891fa6d821ed83e0e27e') in 0.103521 seconds
Number of updated asset objects reloaded before import = 0
Number of asset objects unloaded after import = 3
========================================================================
Received Import Request.
  Time since last request: 0.000048 seconds.
  path: Assets/Prefabs/LevelActions/Main/MainLevelAction 1.prefab
  artifactKey: Guid(18096cd379594ce489f7ce1f148dc694) Importer(2089858483,0ecaa5967403d082aa24f35e1b516d23)
Start importing Assets/Prefabs/LevelActions/Main/MainLevelAction 1.prefab using Guid(18096cd379594ce489f7ce1f148dc694) Importer(2089858483,0ecaa5967403d082aa24f35e1b516d23)  -> (artifact id: 'e63123563848f00957d6bb632f2b3630') in 0.173290 seconds
Number of updated asset objects reloaded before import = 0
Number of asset objects unloaded after import = 142
========================================================================
Received Import Request.
  Time since last request: 0.000048 seconds.
  path: Assets/ScriptableObjects/SpawnScenarios/Level brachn 2/SpawnScenarioAsset Level_branch_2 Wave 3.asset
  artifactKey: Guid(5a2c60250fc3e5a4793ee454bad5a447) Importer(2089858483,0ecaa5967403d082aa24f35e1b516d23)
Start importing Assets/ScriptableObjects/SpawnScenarios/Level brachn 2/SpawnScenarioAsset Level_branch_2 Wave 3.asset using Guid(5a2c60250fc3e5a4793ee454bad5a447) Importer(2089858483,0ecaa5967403d082aa24f35e1b516d23)  -> (artifact id: '07939a7eb5c331965ff20987e1360c50') in 0.044810 seconds
Number of updated asset objects reloaded before import = 0
Number of asset objects unloaded after import = 30
========================================================================
Received Import Request.
  Time since last request: 0.000046 seconds.
  path: Assets/Prefabs/UI/Level entry/LevelMainEntry.prefab
  artifactKey: Guid(7e237dc45681f904782bc5010bf98134) Importer(2089858483,0ecaa5967403d082aa24f35e1b516d23)
Start importing Assets/Prefabs/UI/Level entry/LevelMainEntry.prefab using Guid(7e237dc45681f904782bc5010bf98134) Importer(2089858483,0ecaa5967403d082aa24f35e1b516d23)  -> (artifact id: '41a51c64545c81f034f83bfd06c13c8d') in 0.172409 seconds
Number of updated asset objects reloaded before import = 0
Number of asset objects unloaded after import = 35
========================================================================
Received Import Request.
  Time since last request: 0.000035 seconds.
  path: Assets/Sounds/Arrow/Arrow.wav
  artifactKey: Guid(14eea348e65dae543b1f66c2aaa9e8de) Importer(2089858483,0ecaa5967403d082aa24f35e1b516d23)
Start importing Assets/Sounds/Arrow/Arrow.wav using Guid(14eea348e65dae543b1f66c2aaa9e8de) Importer(2089858483,0ecaa5967403d082aa24f35e1b516d23)  -> (artifact id: '353c91846f22bf05f03caa34c07ecddd') in 0.107716 seconds
Number of updated asset objects reloaded before import = 0
Number of asset objects unloaded after import = 1
========================================================================
Received Import Request.
  Time since last request: 0.000024 seconds.
  path: Assets/ScriptableObjects/Enemy/Knights/Properties_Enemy_Knight_Small.asset
  artifactKey: Guid(21f05ae44e24f6340b7fe0b1d681d947) Importer(2089858483,0ecaa5967403d082aa24f35e1b516d23)
Start importing Assets/ScriptableObjects/Enemy/Knights/Properties_Enemy_Knight_Small.asset using Guid(21f05ae44e24f6340b7fe0b1d681d947) Importer(2089858483,0ecaa5967403d082aa24f35e1b516d23)  -> (artifact id: 'b613ef9ddaa28f6b913fec491b4fa6c2') in 0.065389 seconds
Number of updated asset objects reloaded before import = 0
Number of asset objects unloaded after import = 5
========================================================================
Received Import Request.
  Time since last request: 0.000039 seconds.
  path: Assets/ScriptableObjects/SpawnScenarios/SpawnDataAsset/SpawnData Limit_Enemy_OrcNormal_O2_I10_T2_Second.asset
  artifactKey: Guid(45421c330c96dab42a019c1d0a3daa14) Importer(2089858483,0ecaa5967403d082aa24f35e1b516d23)
Start importing Assets/ScriptableObjects/SpawnScenarios/SpawnDataAsset/SpawnData Limit_Enemy_OrcNormal_O2_I10_T2_Second.asset using Guid(45421c330c96dab42a019c1d0a3daa14) Importer(2089858483,0ecaa5967403d082aa24f35e1b516d23)  -> (artifact id: 'c4989c608406a24b3d4dc9dd3e80f32d') in 0.037004 seconds
Number of updated asset objects reloaded before import = 0
Number of asset objects unloaded after import = 29
========================================================================
Received Import Request.
  Time since last request: 0.000093 seconds.
  path: Assets/ScriptableObjects/SpawnScenarios/SpawnDataAsset/SpawnData Limit_Enemy_OrcHeavy_O1_I10_T4_First.asset
  artifactKey: Guid(ccea5970cd26946498dac906c046c575) Importer(2089858483,0ecaa5967403d082aa24f35e1b516d23)
Start importing Assets/ScriptableObjects/SpawnScenarios/SpawnDataAsset/SpawnData Limit_Enemy_OrcHeavy_O1_I10_T4_First.asset using Guid(ccea5970cd26946498dac906c046c575) Importer(2089858483,0ecaa5967403d082aa24f35e1b516d23)  -> (artifact id: '6dfb2f02dc8a802d1a15b6d2eee324b3') in 0.029863 seconds
Number of updated asset objects reloaded before import = 0
Number of asset objects unloaded after import = 29
========================================================================
Received Import Request.
  Time since last request: 0.000055 seconds.
  path: Assets/Scripts/Level/Spawner/Spawner.cs
  artifactKey: Guid(1550ecc20cb53954a8888f8131c7fe7e) Importer(2089858483,0ecaa5967403d082aa24f35e1b516d23)
Start importing Assets/Scripts/Level/Spawner/Spawner.cs using Guid(1550ecc20cb53954a8888f8131c7fe7e) Importer(2089858483,0ecaa5967403d082aa24f35e1b516d23)  -> (artifact id: 'c53034abe20399416d7083235460d0a5') in 0.022293 seconds
Number of updated asset objects reloaded before import = 0
Number of asset objects unloaded after import = 1
========================================================================
Received Import Request.
  Time since last request: 0.000042 seconds.
  path: Assets/ScriptableObjects/SpawnScenarios/ScenarioSecond/SpawnScenarioSecondaryAsset Enemy Level_A_Wave 3.asset
  artifactKey: Guid(b2832becd88fa554b8921a115325d203) Importer(2089858483,0ecaa5967403d082aa24f35e1b516d23)
Start importing Assets/ScriptableObjects/SpawnScenarios/ScenarioSecond/SpawnScenarioSecondaryAsset Enemy Level_A_Wave 3.asset using Guid(b2832becd88fa554b8921a115325d203) Importer(2089858483,0ecaa5967403d082aa24f35e1b516d23)  -> (artifact id: '802e60467542e95d595fe891e3484d9a') in 0.026424 seconds
Number of updated asset objects reloaded before import = 0
Number of asset objects unloaded after import = 1
========================================================================
Received Import Request.
  Time since last request: 0.000027 seconds.
  path: Assets/Scripts/Assets/Conditions/LevelConditionTime.cs
  artifactKey: Guid(f6a5b268cccdaba40a55abe7e40ea049) Importer(2089858483,0ecaa5967403d082aa24f35e1b516d23)
Start importing Assets/Scripts/Assets/Conditions/LevelConditionTime.cs using Guid(f6a5b268cccdaba40a55abe7e40ea049) Importer(2089858483,0ecaa5967403d082aa24f35e1b516d23)  -> (artifact id: '89ea5566ab76bfc23e827ce0f4472a40') in 0.038773 seconds
Number of updated asset objects reloaded before import = 0
Number of asset objects unloaded after import = 1
========================================================================
Received Import Request.
  Time since last request: 0.000052 seconds.
  path: Assets/Scripts/Assets/Conditions/LevelConditionGold.cs
  artifactKey: Guid(f55fefccef90bb44fa41ed7e73935c05) Importer(2089858483,0ecaa5967403d082aa24f35e1b516d23)
Start importing Assets/Scripts/Assets/Conditions/LevelConditionGold.cs using Guid(f55fefccef90bb44fa41ed7e73935c05) Importer(2089858483,0ecaa5967403d082aa24f35e1b516d23)  -> (artifact id: '4d327dcc362d1fb651160c01f1bcab0d') in 0.049829 seconds
Number of updated asset objects reloaded before import = 0
Number of asset objects unloaded after import = 1
========================================================================
Received Import Request.
  Time since last request: 0.000044 seconds.
  path: Assets/Prefabs/LevelActions/Branch/BranchLevelAction 2.prefab
  artifactKey: Guid(5e26895675713cc4bbd8dde27b7d09d8) Importer(2089858483,0ecaa5967403d082aa24f35e1b516d23)
Start importing Assets/Prefabs/LevelActions/Branch/BranchLevelAction 2.prefab using Guid(5e26895675713cc4bbd8dde27b7d09d8) Importer(2089858483,0ecaa5967403d082aa24f35e1b516d23)  -> (artifact id: 'c4142389c03b2a590c7b27ddd87d8e3b') in 0.156076 seconds
Number of updated asset objects reloaded before import = 0
Number of asset objects unloaded after import = 234
========================================================================
Received Import Request.
  Time since last request: 0.000060 seconds.
  path: Assets/ScriptableObjects/SpawnScenarios/Level main 3/SpawnScenarioAsset Enemy Level_3_Wave 3.asset
  artifactKey: Guid(77b97e2ee0a956a4aa6cba2cc7c4bf1c) Importer(2089858483,0ecaa5967403d082aa24f35e1b516d23)
Start importing Assets/ScriptableObjects/SpawnScenarios/Level main 3/SpawnScenarioAsset Enemy Level_3_Wave 3.asset using Guid(77b97e2ee0a956a4aa6cba2cc7c4bf1c) Importer(2089858483,0ecaa5967403d082aa24f35e1b516d23)  -> (artifact id: 'c1961edd3fc826d01be10579379b4cfa') in 0.028081 seconds
Number of updated asset objects reloaded before import = 0
Number of asset objects unloaded after import = 33
========================================================================
Received Import Request.
  Time since last request: 0.000042 seconds.
  path: Assets/ScriptableObjects/Levels/Main levels/00_Level_main Menu.asset
  artifactKey: Guid(7852e93464d183c4ba32191710502957) Importer(2089858483,0ecaa5967403d082aa24f35e1b516d23)
Start importing Assets/ScriptableObjects/Levels/Main levels/00_Level_main Menu.asset using Guid(7852e93464d183c4ba32191710502957) Importer(2089858483,0ecaa5967403d082aa24f35e1b516d23)  -> (artifact id: 'f00dbf2d512d8cd7f3169cdb600c98d1') in 0.069178 seconds
Number of updated asset objects reloaded before import = 0
Number of asset objects unloaded after import = 2
========================================================================
Received Import Request.
  Time since last request: 0.000063 seconds.
  path: Assets/Art/back.png
  artifactKey: Guid(f7bd98ad9bbb749448e57f1435c3c110) Importer(2089858483,0ecaa5967403d082aa24f35e1b516d23)
Start importing Assets/Art/back.png using Guid(f7bd98ad9bbb749448e57f1435c3c110) Importer(2089858483,0ecaa5967403d082aa24f35e1b516d23)  -> (artifact id: '805b75d328ab4c13b972586454b13810') in 0.028792 seconds
Number of updated asset objects reloaded before import = 0
Number of asset objects unloaded after import = 3
========================================================================
Received Import Request.
  Time since last request: 0.000051 seconds.
  path: Assets/ScriptableObjects/Condition/LevelConditions/CompleteCondition/Level_Condition_Custom_False.asset
  artifactKey: Guid(d4cd0b140a498af4cb44b3b8684a8dcc) Importer(2089858483,0ecaa5967403d082aa24f35e1b516d23)
Start importing Assets/ScriptableObjects/Condition/LevelConditions/CompleteCondition/Level_Condition_Custom_False.asset using Guid(d4cd0b140a498af4cb44b3b8684a8dcc) Importer(2089858483,0ecaa5967403d082aa24f35e1b516d23)  -> (artifact id: '8d20f9e7c23efb428b7e502988140665') in 0.048736 seconds
Number of updated asset objects reloaded before import = 0
Number of asset objects unloaded after import = 1
========================================================================
Received Import Request.
  Time since last request: 0.000035 seconds.
  path: Assets/Scripts/_imported/Other/CameraController.cs
  artifactKey: Guid(bea0eb255f99eaf4a81544449bf63786) Importer(2089858483,0ecaa5967403d082aa24f35e1b516d23)
Start importing Assets/Scripts/_imported/Other/CameraController.cs using Guid(bea0eb255f99eaf4a81544449bf63786) Importer(2089858483,0ecaa5967403d082aa24f35e1b516d23)  -> (artifact id: 'bfe9a3fdb29d140f2496cf7517b0df95') in 0.029366 seconds
Number of updated asset objects reloaded before import = 0
Number of asset objects unloaded after import = 1
========================================================================
Received Import Request.
  Time since last request: 0.000034 seconds.
  path: Assets/ScriptableObjects/SpawnScenarios/SpawnDataAsset/SecondDataSecond/SpawnDataSecond Enemy_Demon_Second.asset
  artifactKey: Guid(6ed8011ada00e9c47a75aca79e1a34fc) Importer(2089858483,0ecaa5967403d082aa24f35e1b516d23)
Start importing Assets/ScriptableObjects/SpawnScenarios/SpawnDataAsset/SecondDataSecond/SpawnDataSecond Enemy_Demon_Second.asset using Guid(6ed8011ada00e9c47a75aca79e1a34fc) Importer(2089858483,0ecaa5967403d082aa24f35e1b516d23)  -> (artifact id: 'c7ed59c884bfa201a49def07e8e74f50') in 0.025378 seconds
Number of updated asset objects reloaded before import = 0
Number of asset objects unloaded after import = 6
========================================================================
Received Import Request.
  Time since last request: 0.000063 seconds.
  path: Assets/ScriptableObjects/SpawnScenarios/SpawnDataAsset/SecondDataSecond/SpawnDataSecond Enemy_OrcHeavy_Second.asset
  artifactKey: Guid(79a3a5ccd62959d43bc491ffee8183c9) Importer(2089858483,0ecaa5967403d082aa24f35e1b516d23)
Start importing Assets/ScriptableObjects/SpawnScenarios/SpawnDataAsset/SecondDataSecond/SpawnDataSecond Enemy_OrcHeavy_Second.asset using Guid(79a3a5ccd62959d43bc491ffee8183c9) Importer(2089858483,0ecaa5967403d082aa24f35e1b516d23)  -> (artifact id: 'ce0296226623f3283eae0a37887fd028') in 0.029055 seconds
Number of updated asset objects reloaded before import = 0
Number of asset objects unloaded after import = 6
========================================================================
Received Import Request.
  Time since last request: 0.000041 seconds.
  path: Assets/Scripts/Assets/Ability/Buff/AbilityBuffAsset.cs
  artifactKey: Guid(1220ffbca4f67734a87ced3bc95c9a87) Importer(2089858483,0ecaa5967403d082aa24f35e1b516d23)
Start importing Assets/Scripts/Assets/Ability/Buff/AbilityBuffAsset.cs using Guid(1220ffbca4f67734a87ced3bc95c9a87) Importer(2089858483,0ecaa5967403d082aa24f35e1b516d23)  -> (artifact id: 'fdaea24489cd9ebbdc3e4dd5a0481a65') in 0.023640 seconds
Number of updated asset objects reloaded before import = 0
Number of asset objects unloaded after import = 1
========================================================================
Received Import Request.
  Time since last request: 0.000053 seconds.
  path: Assets/Scripts/Assets/Ability/Attack/AbilityAttackAsset.cs
  artifactKey: Guid(1490faddf5f1cba4da8e36ac7a12e087) Importer(2089858483,0ecaa5967403d082aa24f35e1b516d23)
Start importing Assets/Scripts/Assets/Ability/Attack/AbilityAttackAsset.cs using Guid(1490faddf5f1cba4da8e36ac7a12e087) Importer(2089858483,0ecaa5967403d082aa24f35e1b516d23)  -> (artifact id: 'eb83252b0946277c65933dd4e9653d5f') in 0.027875 seconds
Number of updated asset objects reloaded before import = 0
Number of asset objects unloaded after import = 1
========================================================================
Received Import Request.
  Time since last request: 0.000025 seconds.
  path: Assets/Scripts/_imported/Projectile/ProjectileProperties.cs
  artifactKey: Guid(ff2ef23d04212b441a9c3e656db692dd) Importer(2089858483,0ecaa5967403d082aa24f35e1b516d23)
Start importing Assets/Scripts/_imported/Projectile/ProjectileProperties.cs using Guid(ff2ef23d04212b441a9c3e656db692dd) Importer(2089858483,0ecaa5967403d082aa24f35e1b516d23)  -> (artifact id: '0dcea418664077aebe26305d9d1b7b77') in 0.025245 seconds
Number of updated asset objects reloaded before import = 0
Number of asset objects unloaded after import = 1
========================================================================
Received Import Request.
  Time since last request: 0.000034 seconds.
  path: Assets/ScriptableObjects/Items/Unlocker/Ability/Unlocker_Ability_FireAtack.asset
  artifactKey: Guid(934e5c820b850a44ba2fb3f8d664b3af) Importer(2089858483,0ecaa5967403d082aa24f35e1b516d23)
Start importing Assets/ScriptableObjects/Items/Unlocker/Ability/Unlocker_Ability_FireAtack.asset using Guid(934e5c820b850a44ba2fb3f8d664b3af) Importer(2089858483,0ecaa5967403d082aa24f35e1b516d23)  -> (artifact id: '103f533cad51a26fd208fb76c47157c0') in 0.100515 seconds
Number of updated asset objects reloaded before import = 0
Number of asset objects unloaded after import = 25
========================================================================
Received Import Request.
  Time since last request: 0.000027 seconds.
  path: Assets/Scripts/Entity/Enemy.cs
  artifactKey: Guid(8f9c30b1305b4ab42997dd000f59680f) Importer(2089858483,0ecaa5967403d082aa24f35e1b516d23)
Start importing Assets/Scripts/Entity/Enemy.cs using Guid(8f9c30b1305b4ab42997dd000f59680f) Importer(2089858483,0ecaa5967403d082aa24f35e1b516d23)  -> (artifact id: 'c352e86771c781b996945a25460b929d') in 0.022889 seconds
Number of updated asset objects reloaded before import = 0
Number of asset objects unloaded after import = 1
========================================================================
Received Import Request.
  Time since last request: 0.000124 seconds.
  path: Assets/Prefabs/LevelResultController.prefab
  artifactKey: Guid(e8dea7e4aad802141bfc7cb0ae2cb245) Importer(2089858483,0ecaa5967403d082aa24f35e1b516d23)
Start importing Assets/Prefabs/LevelResultController.prefab using Guid(e8dea7e4aad802141bfc7cb0ae2cb245) Importer(2089858483,0ecaa5967403d082aa24f35e1b516d23)  -> (artifact id: '4f036980b4d1ac3a854693e4b5081ec2') in 0.052382 seconds
Number of updated asset objects reloaded before import = 0
Number of asset objects unloaded after import = 5
========================================================================
Received Import Request.
  Time since last request: 0.000120 seconds.
  path: Assets/Art/dyingTiles.png
  artifactKey: Guid(1c4317f4ccedb5847bf9d805a053a160) Importer(2089858483,0ecaa5967403d082aa24f35e1b516d23)
Start importing Assets/Art/dyingTiles.png using Guid(1c4317f4ccedb5847bf9d805a053a160) Importer(2089858483,0ecaa5967403d082aa24f35e1b516d23)  -> (artifact id: '357de4c207cc81fcedbd3f93db1f403d') in 0.058939 seconds
Number of updated asset objects reloaded before import = 0
Number of asset objects unloaded after import = 3
========================================================================
Received Import Request.
  Time since last request: 0.000027 seconds.
  path: Assets/ScriptableObjects/Items/Upgrades/Tower/Archer/Upgrade_Archer_Radius_50.asset
  artifactKey: Guid(c72687d610a55554ca76bb4b4cae47d3) Importer(2089858483,0ecaa5967403d082aa24f35e1b516d23)
Start importing Assets/ScriptableObjects/Items/Upgrades/Tower/Archer/Upgrade_Archer_Radius_50.asset using Guid(c72687d610a55554ca76bb4b4cae47d3) Importer(2089858483,0ecaa5967403d082aa24f35e1b516d23)  -> (artifact id: 'db30fe8224cbc69e2ed7c09343d0fd7f') in 0.031392 seconds
Number of updated asset objects reloaded before import = 0
Number of asset objects unloaded after import = 2
========================================================================
Received Import Request.
  Time since last request: 0.000065 seconds.
  path: Assets/Scripts/Level/SpawnScenario/SpawnScenarioAsset.cs
  artifactKey: Guid(65c3aa96c9e57dd4a96842edf9242cf6) Importer(2089858483,0ecaa5967403d082aa24f35e1b516d23)
Start importing Assets/Scripts/Level/SpawnScenario/SpawnScenarioAsset.cs using Guid(65c3aa96c9e57dd4a96842edf9242cf6) Importer(2089858483,0ecaa5967403d082aa24f35e1b516d23)  -> (artifact id: '271acaf464f79e4fc9baa40a76fd0fd8') in 0.022746 seconds
Number of updated asset objects reloaded before import = 0
Number of asset objects unloaded after import = 1
========================================================================
Received Import Request.
  Time since last request: 0.000042 seconds.
  path: Assets/Art/At_s.png
  artifactKey: Guid(3ff493f1ccb0a9b48a1a262f25a80a42) Importer(2089858483,0ecaa5967403d082aa24f35e1b516d23)
Start importing Assets/Art/At_s.png using Guid(3ff493f1ccb0a9b48a1a262f25a80a42) Importer(2089858483,0ecaa5967403d082aa24f35e1b516d23)  -> (artifact id: '6b8c334c796e4a4afc57eb8a0cae28ad') in 0.035149 seconds
Number of updated asset objects reloaded before import = 0
Number of asset objects unloaded after import = 3
========================================================================
Received Import Request.
  Time since last request: 0.000067 seconds.
  path: Assets/Art/Fire.png
  artifactKey: Guid(34d6703ba7cf6dd469bb0aad4781fccb) Importer(2089858483,0ecaa5967403d082aa24f35e1b516d23)
Start importing Assets/Art/Fire.png using Guid(34d6703ba7cf6dd469bb0aad4781fccb) Importer(2089858483,0ecaa5967403d082aa24f35e1b516d23)  -> (artifact id: '6af2dd05ffe983aa9a7fa8bbbeb137f0') in 0.032539 seconds
Number of updated asset objects reloaded before import = 0
Number of asset objects unloaded after import = 3
========================================================================
Received Import Request.
  Time since last request: 0.000074 seconds.
  path: Assets/Scripts/Level/Controllers/LevelsController.cs
  artifactKey: Guid(d63d2aaaa7e139842970de1a06499387) Importer(2089858483,0ecaa5967403d082aa24f35e1b516d23)
Start importing Assets/Scripts/Level/Controllers/LevelsController.cs using Guid(d63d2aaaa7e139842970de1a06499387) Importer(2089858483,0ecaa5967403d082aa24f35e1b516d23)  -> (artifact id: 'b49768ee6ec3eb67a3af14edb761bba4') in 0.019783 seconds
Number of updated asset objects reloaded before import = 0
Number of asset objects unloaded after import = 1
========================================================================
Received Import Request.
  Time since last request: 0.000108 seconds.
  path: Assets/Scripts/Level/LevelBoundary.cs
  artifactKey: Guid(24dd28eed90c8bb498411556f5f71130) Importer(2089858483,0ecaa5967403d082aa24f35e1b516d23)
Start importing Assets/Scripts/Level/LevelBoundary.cs using Guid(24dd28eed90c8bb498411556f5f71130) Importer(2089858483,0ecaa5967403d082aa24f35e1b516d23)  -> (artifact id: '76e8e2067253e89f83ee9581d0cf7663') in 0.024234 seconds
Number of updated asset objects reloaded before import = 0
Number of asset objects unloaded after import = 1
========================================================================
Received Import Request.
  Time since last request: 0.000060 seconds.
  path: Assets/Art/Bigtreesharpen.png
  artifactKey: Guid(748876ffff424394f891050b0021e954) Importer(2089858483,0ecaa5967403d082aa24f35e1b516d23)
Start importing Assets/Art/Bigtreesharpen.png using Guid(748876ffff424394f891050b0021e954) Importer(2089858483,0ecaa5967403d082aa24f35e1b516d23)  -> (artifact id: '82004689b897cfc21a728ed0ffc91f34') in 0.033209 seconds
Number of updated asset objects reloaded before import = 0
Number of asset objects unloaded after import = 3
========================================================================
Received Import Request.
  Time since last request: 0.000030 seconds.
  path: Assets/ScriptableObjects/Turret/Properties_Turret_Pierce_Arrow.asset
  artifactKey: Guid(918a867e63f042e48898c36d25cc98a7) Importer(2089858483,0ecaa5967403d082aa24f35e1b516d23)
Start importing Assets/ScriptableObjects/Turret/Properties_Turret_Pierce_Arrow.asset using Guid(918a867e63f042e48898c36d25cc98a7) Importer(2089858483,0ecaa5967403d082aa24f35e1b516d23)  -> (artifact id: '32f2025b4c5c92e2fa8530956c4c2d09') in 0.047406 seconds
Number of updated asset objects reloaded before import = 0
Number of asset objects unloaded after import = 15
========================================================================
Received Import Request.
  Time since last request: 0.000058 seconds.
  path: Assets/Art/12.png
  artifactKey: Guid(e1fe5bac40de74e4cb437c71c874a201) Importer(2089858483,0ecaa5967403d082aa24f35e1b516d23)
Start importing Assets/Art/12.png using Guid(e1fe5bac40de74e4cb437c71c874a201) Importer(2089858483,0ecaa5967403d082aa24f35e1b516d23)  -> (artifact id: '1acf415704f07e544ba207a8ab891a48') in 0.029914 seconds
Number of updated asset objects reloaded before import = 0
Number of asset objects unloaded after import = 3
========================================================================
Received Import Request.
  Time since last request: 0.000051 seconds.
  path: Assets/Art/29.png
  artifactKey: Guid(9ebfae404a81b3949afa0d4062aecd06) Importer(2089858483,0ecaa5967403d082aa24f35e1b516d23)
Start importing Assets/Art/29.png using Guid(9ebfae404a81b3949afa0d4062aecd06) Importer(2089858483,0ecaa5967403d082aa24f35e1b516d23)  -> (artifact id: '8dd0dfffe575c355e4c508c6e76e1503') in 0.039046 seconds
Number of updated asset objects reloaded before import = 0
Number of asset objects unloaded after import = 3
========================================================================
Received Import Request.
  Time since last request: 0.000072 seconds.
  path: Assets/AbilityPanelController.cs
  artifactKey: Guid(b78b06686ddd4c24185a707d9415d2c5) Importer(2089858483,0ecaa5967403d082aa24f35e1b516d23)
Start importing Assets/AbilityPanelController.cs using Guid(b78b06686ddd4c24185a707d9415d2c5) Importer(2089858483,0ecaa5967403d082aa24f35e1b516d23)  -> (artifact id: '45e6c841a90a60b2382424266fb81b6d') in 0.024166 seconds
Number of updated asset objects reloaded before import = 0
Number of asset objects unloaded after import = 1
========================================================================
Received Import Request.
  Time since last request: 0.000074 seconds.
  path: Assets/ScriptableObjects/Items/Upgrades/Ability/Upgrade_FireAttack_Use_Rate_50.asset
  artifactKey: Guid(d706f5cb17ca13d4da7d871baddcf518) Importer(2089858483,0ecaa5967403d082aa24f35e1b516d23)
Start importing Assets/ScriptableObjects/Items/Upgrades/Ability/Upgrade_FireAttack_Use_Rate_50.asset using Guid(d706f5cb17ca13d4da7d871baddcf518) Importer(2089858483,0ecaa5967403d082aa24f35e1b516d23)  -> (artifact id: 'dc9ad4955de2e4e1420d7cf562e08714') in 0.048477 seconds
Number of updated asset objects reloaded before import = 0
Number of asset objects unloaded after import = 2
========================================================================
Received Import Request.
  Time since last request: 119.881477 seconds.
  path: Assets/Scenes/Main scenes
  artifactKey: Guid(4a3e684a7a34f7548a86fecc11c98aa3) Importer(815301076,1909f56bfc062723c751e8b465ee728b)
Start importing Assets/Scenes/Main scenes using Guid(4a3e684a7a34f7548a86fecc11c98aa3) Importer(815301076,1909f56bfc062723c751e8b465ee728b)  -> (artifact id: '571c0a87c912593927d4e251cbc932d9') in 0.000645 seconds
Number of updated asset objects reloaded before import = 0
Number of asset objects unloaded after import = 0
========================================================================
Received Import Request.
  Time since last request: 1.435803 seconds.
  path: Assets/Scenes/Main scenes/main_menu.unity
  artifactKey: Guid(0a714101e621e9444ac6d791b29604bd) Importer(815301076,1909f56bfc062723c751e8b465ee728b)
Start importing Assets/Scenes/Main scenes/main_menu.unity using Guid(0a714101e621e9444ac6d791b29604bd) Importer(815301076,1909f56bfc062723c751e8b465ee728b)  -> (artifact id: '41542d0b41f17b10bc18a1d8d798ef9a') in 0.000795 seconds
Number of updated asset objects reloaded before import = 0
Number of asset objects unloaded after import = 0
