Using pre-set license
Built from '2022.3/staging' branch; Version is '2022.3.30f1 (70558241b701) revision 7361922'; Using compiler version '192829333'; Build Type 'Release'
OS: 'Windows 10  (10.0.19045) 64bit Professional' Language: 'ru' Physical Memory: 12220 MB
BatchMode: 1, IsHumanControllingUs: 0, StartBugReporterOnCrash: 0, Is64bit: 1, IsPro: 1

COMMAND LINE ARGUMENTS:
C:\Program Files\Unity\Hub\Editor\2022.3.30f1\Editor\Unity.exe
-adb2
-batchMode
-noUpm
-name
AssetImportWorker3
-projectPath
C:/Users/Public/Documents/GitHub Projects/2D_Tower_Defense/2D_Tower_Defense
-logFile
Logs/AssetImportWorker3.log
-srvPort
50209
Successfully changed project path to: C:/Users/Public/Documents/GitHub Projects/2D_Tower_Defense/2D_Tower_Defense
C:/Users/Public/Documents/GitHub Projects/2D_Tower_Defense/2D_Tower_Defense
[UnityMemory] Configuration Parameters - Can be set up in boot.config
    "memorysetup-bucket-allocator-granularity=16"
    "memorysetup-bucket-allocator-bucket-count=8"
    "memorysetup-bucket-allocator-block-size=33554432"
    "memorysetup-bucket-allocator-block-count=8"
    "memorysetup-main-allocator-block-size=16777216"
    "memorysetup-thread-allocator-block-size=16777216"
    "memorysetup-gfx-main-allocator-block-size=16777216"
    "memorysetup-gfx-thread-allocator-block-size=16777216"
    "memorysetup-cache-allocator-block-size=4194304"
    "memorysetup-typetree-allocator-block-size=2097152"
    "memorysetup-profiler-bucket-allocator-granularity=16"
    "memorysetup-profiler-bucket-allocator-bucket-count=8"
    "memorysetup-profiler-bucket-allocator-block-size=33554432"
    "memorysetup-profiler-bucket-allocator-block-count=8"
    "memorysetup-profiler-allocator-block-size=16777216"
    "memorysetup-profiler-editor-allocator-block-size=1048576"
    "memorysetup-temp-allocator-size-main=16777216"
    "memorysetup-job-temp-allocator-block-size=2097152"
    "memorysetup-job-temp-allocator-block-size-background=1048576"
    "memorysetup-job-temp-allocator-reduction-small-platforms=262144"
    "memorysetup-allocator-temp-initial-block-size-main=262144"
    "memorysetup-allocator-temp-initial-block-size-worker=262144"
    "memorysetup-temp-allocator-size-background-worker=32768"
    "memorysetup-temp-allocator-size-job-worker=262144"
    "memorysetup-temp-allocator-size-preload-manager=33554432"
    "memorysetup-temp-allocator-size-nav-mesh-worker=65536"
    "memorysetup-temp-allocator-size-audio-worker=65536"
    "memorysetup-temp-allocator-size-cloud-worker=32768"
    "memorysetup-temp-allocator-size-gi-baking-worker=262144"
    "memorysetup-temp-allocator-size-gfx=262144"
Player connection [12924] Host "[IP] 192.168.43.108 [Port] 0 [Flags] 2 [Guid] 3601425357 [EditorId] 3601425357 [Version] 1048832 [Id] WindowsEditor(7,DESKTOP-PAUMF7N) [Debug] 1 [PackageName] WindowsEditor [ProjectName] Editor" joined multi-casting on [225.0.0.222:54997]...

Player connection [12924] Host "[IP] 192.168.43.108 [Port] 0 [Flags] 2 [Guid] 3601425357 [EditorId] 3601425357 [Version] 1048832 [Id] WindowsEditor(7,DESKTOP-PAUMF7N) [Debug] 1 [PackageName] WindowsEditor [ProjectName] Editor" joined alternative multi-casting on [225.0.0.222:34997]...

[Physics::Module] Initialized MultithreadedJobDispatcher with 15 workers.
Refreshing native plugins compatible for Editor in 14.87 ms, found 7 plugins.
Preloading 0 native plugins for Editor in 0.00 ms.
Initialize engine version: 2022.3.30f1 (70558241b701)
[Subsystems] Discovering subsystems at path C:/Program Files/Unity/Hub/Editor/2022.3.30f1/Editor/Data/Resources/UnitySubsystems
[Subsystems] Discovering subsystems at path C:/Users/Public/Documents/GitHub Projects/2D_Tower_Defense/2D_Tower_Defense/Assets
GfxDevice: creating device client; threaded=0; jobified=0
Direct3D:
    Version:  Direct3D 11.0 [level 11.1]
    Renderer: AMD Radeon(TM) Graphics (ID=0x1636)
    Vendor:   ATI
    VRAM:     6110 MB
    Driver:   31.0.21912.14
Initialize mono
Mono path[0] = 'C:/Program Files/Unity/Hub/Editor/2022.3.30f1/Editor/Data/Managed'
Mono path[1] = 'C:/Program Files/Unity/Hub/Editor/2022.3.30f1/Editor/Data/MonoBleedingEdge/lib/mono/unityjit-win32'
Mono config path = 'C:/Program Files/Unity/Hub/Editor/2022.3.30f1/Editor/Data/MonoBleedingEdge/etc'
Using monoOptions --debugger-agent=transport=dt_socket,embedding=1,server=y,suspend=n,address=127.0.0.1:56552
Begin MonoManager ReloadAssembly
Registering precompiled unity dll's ...
Register platform support module: C:/Program Files/Unity/Hub/Editor/2022.3.30f1/Editor/Data/PlaybackEngines/AndroidPlayer/UnityEditor.Android.Extensions.dll
Register platform support module: C:/Program Files/Unity/Hub/Editor/2022.3.30f1/Editor/Data/PlaybackEngines/WindowsStandaloneSupport/UnityEditor.WindowsStandalone.Extensions.dll
Register platform support module: C:/Program Files/Unity/Hub/Editor/2022.3.30f1/Editor/Data/PlaybackEngines/MetroSupport/UnityEditor.UWP.Extensions.dll
Registered in 0.010998 seconds.
- Loaded All Assemblies, in  0.396 seconds
Native extension for UWP target not found
Native extension for WindowsStandalone target not found
Native extension for Android target not found
Android Extension - Scanning For ADB Devices 2335 ms
Mono: successfully reloaded assembly
- Finished resetting the current domain, in  2.726 seconds
Domain Reload Profiling: 3121ms
	BeginReloadAssembly (116ms)
		ExecutionOrderSort (0ms)
		DisableScriptedObjects (0ms)
		BackupInstance (0ms)
		ReleaseScriptingObjects (0ms)
		CreateAndSetChildDomain (1ms)
	RebuildCommonClasses (39ms)
	RebuildNativeTypeToScriptingClass (11ms)
	initialDomainReloadingComplete (66ms)
	LoadAllAssembliesAndSetupDomain (162ms)
		LoadAssemblies (115ms)
		RebuildTransferFunctionScriptingTraits (0ms)
		AnalyzeDomain (159ms)
			TypeCache.Refresh (157ms)
				TypeCache.ScanAssembly (143ms)
			ScanForSourceGeneratedMonoScriptInfo (0ms)
			ResolveRequiredComponents (0ms)
	FinalizeReload (2727ms)
		ReleaseScriptCaches (0ms)
		RebuildScriptCaches (0ms)
		SetupLoadedEditorAssemblies (2663ms)
			LogAssemblyErrors (0ms)
			InitializePlatformSupportModulesInManaged (2466ms)
			SetLoadedEditorAssemblies (7ms)
			RefreshPlugins (0ms)
			BeforeProcessingInitializeOnLoad (3ms)
			ProcessInitializeOnLoadAttributes (135ms)
			ProcessInitializeOnLoadMethodAttributes (52ms)
			AfterProcessingInitializeOnLoad (0ms)
			EditorAssembliesLoaded (0ms)
		ExecutionOrderSort2 (0ms)
		AwakeInstancesAfterBackupRestoration (0ms)
========================================================================
Worker process is ready to serve import requests
Begin MonoManager ReloadAssembly
- Loaded All Assemblies, in  0.835 seconds
Refreshing native plugins compatible for Editor in 7.02 ms, found 7 plugins.
Native extension for UWP target not found
Native extension for WindowsStandalone target not found
Native extension for Android target not found
Package Manager log level set to [2]
[Package Manager] Server::EnsureServerProcessIsRunning -- launch failed, reason: Unity was launched with the -noUpm command-line argument
[Package Manager] UpmClient::Send -- Unable to send message (not connected to UPM process).
[Package Manager] Cannot connect to Unity Package Manager local server
Mono: successfully reloaded assembly
- Finished resetting the current domain, in  0.686 seconds
Domain Reload Profiling: 1518ms
	BeginReloadAssembly (174ms)
		ExecutionOrderSort (0ms)
		DisableScriptedObjects (6ms)
		BackupInstance (0ms)
		ReleaseScriptingObjects (0ms)
		CreateAndSetChildDomain (26ms)
	RebuildCommonClasses (45ms)
	RebuildNativeTypeToScriptingClass (12ms)
	initialDomainReloadingComplete (54ms)
	LoadAllAssembliesAndSetupDomain (545ms)
		LoadAssemblies (441ms)
		RebuildTransferFunctionScriptingTraits (0ms)
		AnalyzeDomain (209ms)
			TypeCache.Refresh (176ms)
				TypeCache.ScanAssembly (153ms)
			ScanForSourceGeneratedMonoScriptInfo (25ms)
			ResolveRequiredComponents (7ms)
	FinalizeReload (687ms)
		ReleaseScriptCaches (0ms)
		RebuildScriptCaches (0ms)
		SetupLoadedEditorAssemblies (499ms)
			LogAssemblyErrors (0ms)
			InitializePlatformSupportModulesInManaged (29ms)
			SetLoadedEditorAssemblies (4ms)
			RefreshPlugins (0ms)
			BeforeProcessingInitializeOnLoad (78ms)
			ProcessInitializeOnLoadAttributes (336ms)
			ProcessInitializeOnLoadMethodAttributes (44ms)
			AfterProcessingInitializeOnLoad (9ms)
			EditorAssembliesLoaded (0ms)
		ExecutionOrderSort2 (0ms)
		AwakeInstancesAfterBackupRestoration (7ms)
Launched and connected shader compiler UnityShaderCompiler.exe after 0.05 seconds
Refreshing native plugins compatible for Editor in 6.01 ms, found 7 plugins.
Preloading 0 native plugins for Editor in 0.00 ms.
Unloading 4283 Unused Serialized files (Serialized files now loaded: 0)
Unloading 71 unused Assets / (64.8 KB). Loaded Objects now: 4741.
Memory consumption went from 153.9 MB to 153.9 MB.
Total: 5.876200 ms (FindLiveObjects: 0.430800 ms CreateObjectMapping: 0.340700 ms MarkObjects: 4.682900 ms  DeleteObjects: 0.419600 ms)

AssetImportParameters requested are different than current active one (requested -> active):
  custom:container-demuxer-ogg: 62fdf1f143b41e24485cea50d1cbac27 -> 
  custom:video-decoder-ogg-theora: a1e56fd34408186e4bbccfd4996cb3dc -> 
  custom:framework-win-MediaFoundation: 216162199b28c13a410421893ffa2e32 -> 
  custom:CustomObjectIndexerAttribute: 9a22284fe3817be447336de3de66b15e -> 
  custom:container-demuxer-webm: 4f35f7cbe854078d1ac9338744f61a02 -> 
  custom:container-muxer-webm: aa71ff27fc2769a1b78a27578f13a17b -> 
  custom:video-decoder-webm-vp8: 9c59270c3fd7afecdb556c50c9e8de78 -> 
  custom:SearchIndexIgnoredProperties: e643bd26f0fe6173181afceb89e7c659 -> 
  custom:AudioImporter_EditorPlatform: d09bf68614088b80899f8185d706f6e7 -> 
  custom:video-encoder-webm-vp8: eb34c28f22e8b96e1ab97ce403110664 -> 
  custom:audio-decoder-ogg-vorbis: bf7c407c2cedff20999df2af8eb42d56 -> 
  custom:audio-encoder-webm-vorbis: bf7c407c2cedff20999df2af8eb42d56 -> 
========================================================================
Received Import Request.
  Time since last request: 3236.389397 seconds.
  path: Assets/Art/door.png
  artifactKey: Guid(e2889c74217a00d4792af4cbedb0e540) Importer(2089858483,0ecaa5967403d082aa24f35e1b516d23)
Start importing Assets/Art/door.png using Guid(e2889c74217a00d4792af4cbedb0e540) Importer(2089858483,0ecaa5967403d082aa24f35e1b516d23)  -> (artifact id: '4ab6e6cf8c1af93eed9f0a936dad7669') in 0.227278 seconds
Number of updated asset objects reloaded before import = 0
Number of asset objects unloaded after import = 3
========================================================================
Received Import Request.
  Time since last request: 0.000142 seconds.
  path: Assets/Art/flag_s.png
  artifactKey: Guid(a1088eff2e5c4b94bb17c0251dd18656) Importer(2089858483,0ecaa5967403d082aa24f35e1b516d23)
Start importing Assets/Art/flag_s.png using Guid(a1088eff2e5c4b94bb17c0251dd18656) Importer(2089858483,0ecaa5967403d082aa24f35e1b516d23)  -> (artifact id: '6b0bc5c6b5d26cb375ec127877b94830') in 0.041549 seconds
Number of updated asset objects reloaded before import = 0
Number of asset objects unloaded after import = 3
========================================================================
Received Import Request.
  Time since last request: 0.000030 seconds.
  path: Assets/Art/Heart.png
  artifactKey: Guid(ae93735604fc8d04e8159ac66b724f1f) Importer(2089858483,0ecaa5967403d082aa24f35e1b516d23)
Start importing Assets/Art/Heart.png using Guid(ae93735604fc8d04e8159ac66b724f1f) Importer(2089858483,0ecaa5967403d082aa24f35e1b516d23)  -> (artifact id: 'bcd6138f21b2afc01100ef669c5f2e26') in 0.034326 seconds
Number of updated asset objects reloaded before import = 0
Number of asset objects unloaded after import = 3
========================================================================
Received Import Request.
  Time since last request: 0.000098 seconds.
  path: Assets/Art/c_point3_0.png
  artifactKey: Guid(b4f8ccd6eab3da1448a91b0df9fae93e) Importer(2089858483,0ecaa5967403d082aa24f35e1b516d23)
Start importing Assets/Art/c_point3_0.png using Guid(b4f8ccd6eab3da1448a91b0df9fae93e) Importer(2089858483,0ecaa5967403d082aa24f35e1b516d23)  -> (artifact id: '3c1eb120d47d441e195dbe39b1e7c118') in 0.037789 seconds
Number of updated asset objects reloaded before import = 0
Number of asset objects unloaded after import = 3
========================================================================
Received Import Request.
  Time since last request: 0.000053 seconds.
  path: Assets/Art/17.png
  artifactKey: Guid(1634edc7854cfd144894297dc0f60fcf) Importer(2089858483,0ecaa5967403d082aa24f35e1b516d23)
Start importing Assets/Art/17.png using Guid(1634edc7854cfd144894297dc0f60fcf) Importer(2089858483,0ecaa5967403d082aa24f35e1b516d23)  -> (artifact id: '9af65495d8ade44a39d8ac1afceb1b11') in 0.036977 seconds
Number of updated asset objects reloaded before import = 0
Number of asset objects unloaded after import = 3
========================================================================
Received Import Request.
  Time since last request: 0.000032 seconds.
  path: Assets/Art/AirUnitTilesDying.png
  artifactKey: Guid(c397918a65a7cf844ab03353a9515a58) Importer(2089858483,0ecaa5967403d082aa24f35e1b516d23)
Start importing Assets/Art/AirUnitTilesDying.png using Guid(c397918a65a7cf844ab03353a9515a58) Importer(2089858483,0ecaa5967403d082aa24f35e1b516d23)  -> (artifact id: 'e23c77d02471082fe92ee62cca22ef4b') in 0.037544 seconds
Number of updated asset objects reloaded before import = 0
Number of asset objects unloaded after import = 3
========================================================================
Received Import Request.
  Time since last request: 0.000053 seconds.
  path: Assets/Art/16.png
  artifactKey: Guid(012c3467b130f4449a189a94dc526a5c) Importer(2089858483,0ecaa5967403d082aa24f35e1b516d23)
Start importing Assets/Art/16.png using Guid(012c3467b130f4449a189a94dc526a5c) Importer(2089858483,0ecaa5967403d082aa24f35e1b516d23)  -> (artifact id: '531b9c8573edaa9b9c8aaa46447aecb5') in 0.041571 seconds
Number of updated asset objects reloaded before import = 0
Number of asset objects unloaded after import = 3
========================================================================
Received Import Request.
  Time since last request: 0.000053 seconds.
  path: Assets/Art/Biggrass.png
  artifactKey: Guid(761185d3685bb874ea620effbdd0c6e4) Importer(2089858483,0ecaa5967403d082aa24f35e1b516d23)
Start importing Assets/Art/Biggrass.png using Guid(761185d3685bb874ea620effbdd0c6e4) Importer(2089858483,0ecaa5967403d082aa24f35e1b516d23)  -> (artifact id: '689243fa77e7885c94d190ae08d69323') in 0.039006 seconds
Number of updated asset objects reloaded before import = 0
Number of asset objects unloaded after import = 3
========================================================================
Received Import Request.
  Time since last request: 0.000066 seconds.
  path: Assets/Art/At.png
  artifactKey: Guid(ef25b92a8e4b2644b8420de820e6c11f) Importer(2089858483,0ecaa5967403d082aa24f35e1b516d23)
Start importing Assets/Art/At.png using Guid(ef25b92a8e4b2644b8420de820e6c11f) Importer(2089858483,0ecaa5967403d082aa24f35e1b516d23)  -> (artifact id: 'bb35db9743f4cee3a0b8379d21114723') in 0.032563 seconds
Number of updated asset objects reloaded before import = 0
Number of asset objects unloaded after import = 3
========================================================================
Received Import Request.
  Time since last request: 0.000064 seconds.
  path: Assets/Art/FinalMap.png
  artifactKey: Guid(7798f2f2c4c1d9140b6e76fd470dca9a) Importer(2089858483,0ecaa5967403d082aa24f35e1b516d23)
Start importing Assets/Art/FinalMap.png using Guid(7798f2f2c4c1d9140b6e76fd470dca9a) Importer(2089858483,0ecaa5967403d082aa24f35e1b516d23)  -> (artifact id: 'f3993fe4ebede692d1af5500604d5892') in 0.045730 seconds
Number of updated asset objects reloaded before import = 0
Number of asset objects unloaded after import = 3
========================================================================
Received Import Request.
  Time since last request: 0.000041 seconds.
  path: Assets/Animations/Explosion_0.controller
  artifactKey: Guid(c173afe7e87a30d45944c6133268a20f) Importer(2089858483,0ecaa5967403d082aa24f35e1b516d23)
Start importing Assets/Animations/Explosion_0.controller using Guid(c173afe7e87a30d45944c6133268a20f) Importer(2089858483,0ecaa5967403d082aa24f35e1b516d23)  -> (artifact id: 'e014d73571737eba53f13d95185963b6') in 0.092176 seconds
Number of updated asset objects reloaded before import = 0
Number of asset objects unloaded after import = 4
========================================================================
Received Import Request.
  Time since last request: 0.000059 seconds.
  path: Assets/Art/m5.png
  artifactKey: Guid(45c9d226c2e95da4c803d3484b3dd651) Importer(2089858483,0ecaa5967403d082aa24f35e1b516d23)
Start importing Assets/Art/m5.png using Guid(45c9d226c2e95da4c803d3484b3dd651) Importer(2089858483,0ecaa5967403d082aa24f35e1b516d23)  -> (artifact id: 'dbb677e41888b65ecd1b3d5d509ae374') in 0.036002 seconds
Number of updated asset objects reloaded before import = 0
Number of asset objects unloaded after import = 3
========================================================================
Received Import Request.
  Time since last request: 0.000081 seconds.
  path: Assets/Art/Mt_s.png
  artifactKey: Guid(c6d546e9100c7204cb86bd24854671f6) Importer(2089858483,0ecaa5967403d082aa24f35e1b516d23)
Start importing Assets/Art/Mt_s.png using Guid(c6d546e9100c7204cb86bd24854671f6) Importer(2089858483,0ecaa5967403d082aa24f35e1b516d23)  -> (artifact id: '7ee57e8a121155628c78fdf9ffedfc28') in 0.042919 seconds
Number of updated asset objects reloaded before import = 0
Number of asset objects unloaded after import = 3
========================================================================
Received Import Request.
  Time since last request: 0.000050 seconds.
  path: Assets/Art/sell.png
  artifactKey: Guid(4015ff29b9708de4ca6cec444fb34d27) Importer(2089858483,0ecaa5967403d082aa24f35e1b516d23)
Start importing Assets/Art/sell.png using Guid(4015ff29b9708de4ca6cec444fb34d27) Importer(2089858483,0ecaa5967403d082aa24f35e1b516d23)  -> (artifact id: '8cbff6ebfcd62f41db22cbbab4745f6c') in 0.035547 seconds
Number of updated asset objects reloaded before import = 0
Number of asset objects unloaded after import = 3
========================================================================
Received Import Request.
  Time since last request: 0.000023 seconds.
  path: Assets/Art/m2.png
  artifactKey: Guid(2a03eea176a4a9f44b1b3769d29b1e2e) Importer(2089858483,0ecaa5967403d082aa24f35e1b516d23)
Start importing Assets/Art/m2.png using Guid(2a03eea176a4a9f44b1b3769d29b1e2e) Importer(2089858483,0ecaa5967403d082aa24f35e1b516d23)  -> (artifact id: '8d6ad451aafb7f72ccf7c5c56425a30e') in 0.035050 seconds
Number of updated asset objects reloaded before import = 0
Number of asset objects unloaded after import = 3
========================================================================
Received Import Request.
  Time since last request: 0.000037 seconds.
  path: Assets/Art/money_.png
  artifactKey: Guid(638a6c2cb345d154189b759d9a84fac3) Importer(2089858483,0ecaa5967403d082aa24f35e1b516d23)
Start importing Assets/Art/money_.png using Guid(638a6c2cb345d154189b759d9a84fac3) Importer(2089858483,0ecaa5967403d082aa24f35e1b516d23)  -> (artifact id: '4240881f7f5dcee1f1712fd714968be4') in 0.029675 seconds
Number of updated asset objects reloaded before import = 0
Number of asset objects unloaded after import = 3
========================================================================
Received Import Request.
  Time since last request: 0.000035 seconds.
  path: Assets/Art/8.png
  artifactKey: Guid(dc9bfb01a4e060948863c198739098cd) Importer(2089858483,0ecaa5967403d082aa24f35e1b516d23)
Start importing Assets/Art/8.png using Guid(dc9bfb01a4e060948863c198739098cd) Importer(2089858483,0ecaa5967403d082aa24f35e1b516d23)  -> (artifact id: 'c30173c0a9545c9c0123d800a5172366') in 0.054331 seconds
Number of updated asset objects reloaded before import = 0
Number of asset objects unloaded after import = 3
========================================================================
Received Import Request.
  Time since last request: 0.000047 seconds.
  path: Assets/Art/9.png
  artifactKey: Guid(b8d78c34ff669024488999c7c2cde413) Importer(2089858483,0ecaa5967403d082aa24f35e1b516d23)
Start importing Assets/Art/9.png using Guid(b8d78c34ff669024488999c7c2cde413) Importer(2089858483,0ecaa5967403d082aa24f35e1b516d23)  -> (artifact id: 'fd177bbd799f2dbe068e14382752c2ad') in 0.035495 seconds
Number of updated asset objects reloaded before import = 0
Number of asset objects unloaded after import = 3
========================================================================
Received Import Request.
  Time since last request: 0.000047 seconds.
  path: Assets/Art/m3.png
  artifactKey: Guid(272bb8d2c316f574082297ebe76c7537) Importer(2089858483,0ecaa5967403d082aa24f35e1b516d23)
Start importing Assets/Art/m3.png using Guid(272bb8d2c316f574082297ebe76c7537) Importer(2089858483,0ecaa5967403d082aa24f35e1b516d23)  -> (artifact id: '8c50b6bdbde7678eee7deac8a8d3bcaf') in 0.043844 seconds
Number of updated asset objects reloaded before import = 0
Number of asset objects unloaded after import = 3
========================================================================
Received Import Request.
  Time since last request: 0.000029 seconds.
  path: Assets/Art/Map3.png
  artifactKey: Guid(1c748a39f68b4514fb10eb86135971a4) Importer(2089858483,0ecaa5967403d082aa24f35e1b516d23)
Start importing Assets/Art/Map3.png using Guid(1c748a39f68b4514fb10eb86135971a4) Importer(2089858483,0ecaa5967403d082aa24f35e1b516d23)  -> (artifact id: '37f6eb0b7ab0924c1963b8c88211f73f') in 0.038125 seconds
Number of updated asset objects reloaded before import = 0
Number of asset objects unloaded after import = 3
========================================================================
Received Import Request.
  Time since last request: 0.000092 seconds.
  path: Assets/Art/backdoor.png
  artifactKey: Guid(d675571f8c13b964d815312d5db6b9b7) Importer(2089858483,0ecaa5967403d082aa24f35e1b516d23)
Start importing Assets/Art/backdoor.png using Guid(d675571f8c13b964d815312d5db6b9b7) Importer(2089858483,0ecaa5967403d082aa24f35e1b516d23)  -> (artifact id: '7f8d65fc211a5b0e78ef8dbf16645d73') in 0.033865 seconds
Number of updated asset objects reloaded before import = 0
Number of asset objects unloaded after import = 3
========================================================================
Received Import Request.
  Time since last request: 0.000032 seconds.
  path: Assets/Art/Soldiers.png
  artifactKey: Guid(996ebf25a5cad7748bc9d2535fe6162b) Importer(2089858483,0ecaa5967403d082aa24f35e1b516d23)
Start importing Assets/Art/Soldiers.png using Guid(996ebf25a5cad7748bc9d2535fe6162b) Importer(2089858483,0ecaa5967403d082aa24f35e1b516d23)  -> (artifact id: '00fb5f470911b52724fe54501e074b09') in 0.037947 seconds
Number of updated asset objects reloaded before import = 0
Number of asset objects unloaded after import = 3
========================================================================
Received Import Request.
  Time since last request: 0.000057 seconds.
  path: Assets/Art/Map3Phone.png
  artifactKey: Guid(f98c76f3a6fa42a448c281439469f905) Importer(2089858483,0ecaa5967403d082aa24f35e1b516d23)
Start importing Assets/Art/Map3Phone.png using Guid(f98c76f3a6fa42a448c281439469f905) Importer(2089858483,0ecaa5967403d082aa24f35e1b516d23)  -> (artifact id: '65897affdf866a7baa4ab0139099b3bd') in 0.042341 seconds
Number of updated asset objects reloaded before import = 0
Number of asset objects unloaded after import = 3
========================================================================
Received Import Request.
  Time since last request: 0.000047 seconds.
  path: Assets/Prefabs/BuildSite.prefab
  artifactKey: Guid(1030ba9766d50f842aa3ae35a5e2ce21) Importer(2089858483,0ecaa5967403d082aa24f35e1b516d23)
Start importing Assets/Prefabs/BuildSite.prefab using Guid(1030ba9766d50f842aa3ae35a5e2ce21) Importer(2089858483,0ecaa5967403d082aa24f35e1b516d23)  -> (artifact id: '6437384c3b8d6e1f87f6eae5557038e3') in 0.057943 seconds
Number of updated asset objects reloaded before import = 0
Number of asset objects unloaded after import = 16
========================================================================
Received Import Request.
  Time since last request: 0.000053 seconds.
  path: Assets/Scenes/Branch scenes/branch_scene 2.unity
  artifactKey: Guid(74c1f891b5b83504cb7cd03b5fdd798e) Importer(2089858483,0ecaa5967403d082aa24f35e1b516d23)
Start importing Assets/Scenes/Branch scenes/branch_scene 2.unity using Guid(74c1f891b5b83504cb7cd03b5fdd798e) Importer(2089858483,0ecaa5967403d082aa24f35e1b516d23)  -> (artifact id: '910f72c71e6f11b4dff6d84bc145c3c7') in 0.022128 seconds
Number of updated asset objects reloaded before import = 0
Number of asset objects unloaded after import = 1
========================================================================
Received Import Request.
  Time since last request: 0.000032 seconds.
  path: Assets/ScriptableObjects/Explosion/Explosion_Tower_Mage.asset
  artifactKey: Guid(5070ec3b9a1513546a5d363f55ccb462) Importer(2089858483,0ecaa5967403d082aa24f35e1b516d23)
Start importing Assets/ScriptableObjects/Explosion/Explosion_Tower_Mage.asset using Guid(5070ec3b9a1513546a5d363f55ccb462) Importer(2089858483,0ecaa5967403d082aa24f35e1b516d23)  -> (artifact id: 'b6f1041299f4344b159548736bce6562') in 0.062302 seconds
Number of updated asset objects reloaded before import = 0
Number of asset objects unloaded after import = 1
========================================================================
Received Import Request.
  Time since last request: 0.000035 seconds.
  path: Assets/Prefabs/Tower/Tower_Mage.prefab
  artifactKey: Guid(5ec1cb3d86f1a374b8349ec81ef34b3a) Importer(2089858483,0ecaa5967403d082aa24f35e1b516d23)
Start importing Assets/Prefabs/Tower/Tower_Mage.prefab using Guid(5ec1cb3d86f1a374b8349ec81ef34b3a) Importer(2089858483,0ecaa5967403d082aa24f35e1b516d23)  -> (artifact id: '08215855e88b3d643525a004f11fbb6e') in 0.079901 seconds
Number of updated asset objects reloaded before import = 0
Number of asset objects unloaded after import = 50
========================================================================
Received Import Request.
  Time since last request: 0.000054 seconds.
  path: Assets/Prefabs/UI/AbilityEntry.prefab
  artifactKey: Guid(08f0a725c9e8d6f41bebefa55e6554c8) Importer(2089858483,0ecaa5967403d082aa24f35e1b516d23)
Start importing Assets/Prefabs/UI/AbilityEntry.prefab using Guid(08f0a725c9e8d6f41bebefa55e6554c8) Importer(2089858483,0ecaa5967403d082aa24f35e1b516d23)  -> (artifact id: '9061bdfe0b5a1f938c0c85f36139568a') in 0.083530 seconds
Number of updated asset objects reloaded before import = 0
Number of asset objects unloaded after import = 32
========================================================================
Received Import Request.
  Time since last request: 0.000023 seconds.
  path: Assets/Art/Buttons/buttons_2x.png
  artifactKey: Guid(aa7a30c52603c3f4f891a5ed03ed5c88) Importer(2089858483,0ecaa5967403d082aa24f35e1b516d23)
Start importing Assets/Art/Buttons/buttons_2x.png using Guid(aa7a30c52603c3f4f891a5ed03ed5c88) Importer(2089858483,0ecaa5967403d082aa24f35e1b516d23)  -> (artifact id: 'd813350f57f4a89b91ffb165f36cc9f1') in 0.037549 seconds
Number of updated asset objects reloaded before import = 0
Number of asset objects unloaded after import = 3
========================================================================
Received Import Request.
  Time since last request: 0.000065 seconds.
  path: Assets/Prefabs/Enemy/Enemy.prefab
  artifactKey: Guid(51685923923c9ea48a97a13974f79f69) Importer(2089858483,0ecaa5967403d082aa24f35e1b516d23)
Start importing Assets/Prefabs/Enemy/Enemy.prefab using Guid(51685923923c9ea48a97a13974f79f69) Importer(2089858483,0ecaa5967403d082aa24f35e1b516d23)  -> (artifact id: '1f4b3fd803f01e92556a03a4e44b14ec') in 0.084442 seconds
Number of updated asset objects reloaded before import = 0
Number of asset objects unloaded after import = 23
========================================================================
Received Import Request.
  Time since last request: 0.000038 seconds.
  path: Assets/Art/Fire_s 1.png
  artifactKey: Guid(25ecefd3099c5d940a9a4f7e18b211d8) Importer(2089858483,0ecaa5967403d082aa24f35e1b516d23)
Start importing Assets/Art/Fire_s 1.png using Guid(25ecefd3099c5d940a9a4f7e18b211d8) Importer(2089858483,0ecaa5967403d082aa24f35e1b516d23)  -> (artifact id: '0258a5c2648af70a3dece06a19fe238a') in 0.039503 seconds
Number of updated asset objects reloaded before import = 0
Number of asset objects unloaded after import = 3
========================================================================
Received Import Request.
  Time since last request: 0.000077 seconds.
  path: Assets/Art/Tower/AT0.png
  artifactKey: Guid(0d1dc428e29b59d4da665429794be749) Importer(2089858483,0ecaa5967403d082aa24f35e1b516d23)
Start importing Assets/Art/Tower/AT0.png using Guid(0d1dc428e29b59d4da665429794be749) Importer(2089858483,0ecaa5967403d082aa24f35e1b516d23)  -> (artifact id: '3df1b47435bac9b362b0ae33d136e8fd') in 0.030264 seconds
Number of updated asset objects reloaded before import = 0
Number of asset objects unloaded after import = 3
========================================================================
Received Import Request.
  Time since last request: 0.000048 seconds.
  path: Assets/Scripts/Entity/DestructibleAsset.cs
  artifactKey: Guid(fb76a3981d043b64fb7d45d5080171a8) Importer(2089858483,0ecaa5967403d082aa24f35e1b516d23)
Start importing Assets/Scripts/Entity/DestructibleAsset.cs using Guid(fb76a3981d043b64fb7d45d5080171a8) Importer(2089858483,0ecaa5967403d082aa24f35e1b516d23)  -> (artifact id: '5d704653c9d9ef2677a9bd9fa57b4dcb') in 0.021865 seconds
Number of updated asset objects reloaded before import = 0
Number of asset objects unloaded after import = 1
========================================================================
Received Import Request.
  Time since last request: 0.000059 seconds.
  path: Assets/ScriptableObjects/Tower/Tower_Archer.asset
  artifactKey: Guid(be9f0c434aadbbf4a80054c1274e0f25) Importer(2089858483,0ecaa5967403d082aa24f35e1b516d23)
Start importing Assets/ScriptableObjects/Tower/Tower_Archer.asset using Guid(be9f0c434aadbbf4a80054c1274e0f25) Importer(2089858483,0ecaa5967403d082aa24f35e1b516d23)  -> (artifact id: 'f8b256ebb0fb5ebe387f875653a77755') in 0.039991 seconds
Number of updated asset objects reloaded before import = 0
Number of asset objects unloaded after import = 37
========================================================================
Received Import Request.
  Time since last request: 0.000037 seconds.
  path: Assets/ScriptableObjects/Sound/New Sounds.asset
  artifactKey: Guid(01200e80479269249873b47c9155b40d) Importer(2089858483,0ecaa5967403d082aa24f35e1b516d23)
Start importing Assets/ScriptableObjects/Sound/New Sounds.asset using Guid(01200e80479269249873b47c9155b40d) Importer(2089858483,0ecaa5967403d082aa24f35e1b516d23)  -> (artifact id: '41fd877ebd18206cdc80838a111785c0') in 0.140851 seconds
Number of updated asset objects reloaded before import = 0
Number of asset objects unloaded after import = 8
========================================================================
Received Import Request.
  Time since last request: 0.000049 seconds.
  path: Assets/Art/GUI/GUI_2x.png
  artifactKey: Guid(5c7982731cbf2db4a8272d243fa46efe) Importer(2089858483,0ecaa5967403d082aa24f35e1b516d23)
Start importing Assets/Art/GUI/GUI_2x.png using Guid(5c7982731cbf2db4a8272d243fa46efe) Importer(2089858483,0ecaa5967403d082aa24f35e1b516d23)  -> (artifact id: '106367208e9f97c7606f6994d68764ef') in 0.031829 seconds
Number of updated asset objects reloaded before import = 0
Number of asset objects unloaded after import = 3
========================================================================
Received Import Request.
  Time since last request: 0.000048 seconds.
  path: Assets/ScriptableObjects/Tower/Tower_PiercingArcher.asset
  artifactKey: Guid(43f894bd4f5e8e84db63cad7c481df77) Importer(2089858483,0ecaa5967403d082aa24f35e1b516d23)
Start importing Assets/ScriptableObjects/Tower/Tower_PiercingArcher.asset using Guid(43f894bd4f5e8e84db63cad7c481df77) Importer(2089858483,0ecaa5967403d082aa24f35e1b516d23)  -> (artifact id: 'fb268d10201546ee7bdddf1955f8a415') in 0.030729 seconds
Number of updated asset objects reloaded before import = 0
Number of asset objects unloaded after import = 50
========================================================================
Received Import Request.
  Time since last request: 0.000025 seconds.
  path: Assets/Animations/Walk@Demon.anim
  artifactKey: Guid(88891dd0e637e5340acbb412a2c432f0) Importer(2089858483,0ecaa5967403d082aa24f35e1b516d23)
Start importing Assets/Animations/Walk@Demon.anim using Guid(88891dd0e637e5340acbb412a2c432f0) Importer(2089858483,0ecaa5967403d082aa24f35e1b516d23)  -> (artifact id: '5747619b69a41a3bc66b3046370d97d6') in 0.028564 seconds
Number of updated asset objects reloaded before import = 0
Number of asset objects unloaded after import = 1
========================================================================
Received Import Request.
  Time since last request: 0.000053 seconds.
  path: Assets/Scripts/AI/AIController.cs
  artifactKey: Guid(815b7bd8ed0e7d64c8025b16d0a56adc) Importer(2089858483,0ecaa5967403d082aa24f35e1b516d23)
Start importing Assets/Scripts/AI/AIController.cs using Guid(815b7bd8ed0e7d64c8025b16d0a56adc) Importer(2089858483,0ecaa5967403d082aa24f35e1b516d23)  -> (artifact id: '1fb06a2239656080721e4e7f2c1d07aa') in 0.031804 seconds
Number of updated asset objects reloaded before import = 0
Number of asset objects unloaded after import = 1
========================================================================
Received Import Request.
  Time since last request: 0.000023 seconds.
  path: Assets/Art/2.png
  artifactKey: Guid(636919696ad08244d9afbc6bbeb7119f) Importer(2089858483,0ecaa5967403d082aa24f35e1b516d23)
Start importing Assets/Art/2.png using Guid(636919696ad08244d9afbc6bbeb7119f) Importer(2089858483,0ecaa5967403d082aa24f35e1b516d23)  -> (artifact id: '3f9bcc593df7b525df334d9dd38aa07a') in 0.033724 seconds
Number of updated asset objects reloaded before import = 0
Number of asset objects unloaded after import = 3
========================================================================
Received Import Request.
  Time since last request: 0.000072 seconds.
  path: Assets/Animations/Explosion@0.anim
  artifactKey: Guid(4b27e447058c0064598babe53784b37b) Importer(2089858483,0ecaa5967403d082aa24f35e1b516d23)
Start importing Assets/Animations/Explosion@0.anim using Guid(4b27e447058c0064598babe53784b37b) Importer(2089858483,0ecaa5967403d082aa24f35e1b516d23)  -> (artifact id: 'b85917ff556e8993ac106668bce7b6bc') in 0.030245 seconds
Number of updated asset objects reloaded before import = 0
Number of asset objects unloaded after import = 1
========================================================================
Received Import Request.
  Time since last request: 0.000047 seconds.
  path: Assets/Art/Fire 1.png
  artifactKey: Guid(1ad756ff8fca88e4985b41292d5695b5) Importer(2089858483,0ecaa5967403d082aa24f35e1b516d23)
Start importing Assets/Art/Fire 1.png using Guid(1ad756ff8fca88e4985b41292d5695b5) Importer(2089858483,0ecaa5967403d082aa24f35e1b516d23)  -> (artifact id: 'c1d6ca71d1493cf853ecc6f368727f15') in 0.064678 seconds
Number of updated asset objects reloaded before import = 0
Number of asset objects unloaded after import = 3
========================================================================
Received Import Request.
  Time since last request: 0.000024 seconds.
  path: Assets/ScriptableObjects/Levels/Branch levels/03_Level_branch.asset
  artifactKey: Guid(b700600aa23de8a43b303aca614705cb) Importer(2089858483,0ecaa5967403d082aa24f35e1b516d23)
Start importing Assets/ScriptableObjects/Levels/Branch levels/03_Level_branch.asset using Guid(b700600aa23de8a43b303aca614705cb) Importer(2089858483,0ecaa5967403d082aa24f35e1b516d23)  -> (artifact id: 'de46469651dce2e9b6d18c1d737d0491') in 0.349353 seconds
Number of updated asset objects reloaded before import = 0
Number of asset objects unloaded after import = 76
========================================================================
Received Import Request.
  Time since last request: 0.000078 seconds.
  path: Assets/Art/GUI/Sliced/GUI_1x_sliced.png
  artifactKey: Guid(d9bb24ba073c1e44b89c8326a84ecc57) Importer(2089858483,0ecaa5967403d082aa24f35e1b516d23)
Start importing Assets/Art/GUI/Sliced/GUI_1x_sliced.png using Guid(d9bb24ba073c1e44b89c8326a84ecc57) Importer(2089858483,0ecaa5967403d082aa24f35e1b516d23)  -> (artifact id: 'd7cd42384e6ae4125e3795cdfd9c8ccc') in 0.027409 seconds
Number of updated asset objects reloaded before import = 0
Number of asset objects unloaded after import = 1
========================================================================
Received Import Request.
  Time since last request: 0.000143 seconds.
  path: Assets/Scripts/Ui/ResultPanelController.cs
  artifactKey: Guid(0af239ac52f6b0140b8e013ccc806d35) Importer(2089858483,0ecaa5967403d082aa24f35e1b516d23)
Start importing Assets/Scripts/Ui/ResultPanelController.cs using Guid(0af239ac52f6b0140b8e013ccc806d35) Importer(2089858483,0ecaa5967403d082aa24f35e1b516d23)  -> (artifact id: '9f4bfdb52d39a19216d9306779e55aaa') in 0.021909 seconds
Number of updated asset objects reloaded before import = 0
Number of asset objects unloaded after import = 1
========================================================================
Received Import Request.
  Time since last request: 0.000052 seconds.
  path: Assets/Art/Buttons/Sliced/buttons_4x_sliced.png
  artifactKey: Guid(8526221be9cbef343a2d3f45212dbbab) Importer(2089858483,0ecaa5967403d082aa24f35e1b516d23)
Start importing Assets/Art/Buttons/Sliced/buttons_4x_sliced.png using Guid(8526221be9cbef343a2d3f45212dbbab) Importer(2089858483,0ecaa5967403d082aa24f35e1b516d23)  -> (artifact id: 'cc6c6dd2965e86e23c7a867ece851c79') in 0.033846 seconds
Number of updated asset objects reloaded before import = 0
Number of asset objects unloaded after import = 3
========================================================================
Received Import Request.
  Time since last request: 0.000028 seconds.
  path: Assets/ScriptableObjects/Levels/Main levels/01_Level_main.asset
  artifactKey: Guid(806b40d03966c6f4392311dc0b7cb780) Importer(2089858483,0ecaa5967403d082aa24f35e1b516d23)
Start importing Assets/ScriptableObjects/Levels/Main levels/01_Level_main.asset using Guid(806b40d03966c6f4392311dc0b7cb780) Importer(2089858483,0ecaa5967403d082aa24f35e1b516d23)  -> (artifact id: 'b5c8cbbfca84b2c6f2f27a987d2ba715') in 0.033740 seconds
Number of updated asset objects reloaded before import = 0
Number of asset objects unloaded after import = 73
========================================================================
Received Import Request.
  Time since last request: 0.000030 seconds.
  path: Assets/ScriptableObjects/SpawnScenarios/Level brachn 3/SpawnScenarioAsset Level_branch_3 Wave 2.asset
  artifactKey: Guid(fe6fee5e480ca7b4d9a59736948ebeb6) Importer(2089858483,0ecaa5967403d082aa24f35e1b516d23)
Start importing Assets/ScriptableObjects/SpawnScenarios/Level brachn 3/SpawnScenarioAsset Level_branch_3 Wave 2.asset using Guid(fe6fee5e480ca7b4d9a59736948ebeb6) Importer(2089858483,0ecaa5967403d082aa24f35e1b516d23)  -> (artifact id: 'd2c18dfd75ebb3e8c0c77a5886d8688f') in 0.053891 seconds
Number of updated asset objects reloaded before import = 0
Number of asset objects unloaded after import = 39
========================================================================
Received Import Request.
  Time since last request: 0.000039 seconds.
  path: Assets/ScriptableObjects/SpawnScenarios/Level main 2/SpawnScenarioAsset Enemy Level_2_Wave 1.asset
  artifactKey: Guid(5c3573cae3f0c6943bcc6091348a1239) Importer(2089858483,0ecaa5967403d082aa24f35e1b516d23)
Start importing Assets/ScriptableObjects/SpawnScenarios/Level main 2/SpawnScenarioAsset Enemy Level_2_Wave 1.asset using Guid(5c3573cae3f0c6943bcc6091348a1239) Importer(2089858483,0ecaa5967403d082aa24f35e1b516d23)  -> (artifact id: '55aa0ebdb4590a9c2aadf1f2edf40960') in 0.035396 seconds
Number of updated asset objects reloaded before import = 0
Number of asset objects unloaded after import = 38
========================================================================
Received Import Request.
  Time since last request: 0.000085 seconds.
  path: Assets/ScriptableObjects/SpawnScenarios/Level main 2/SpawnScenarioAsset Enemy Level_2_Wave 2.asset
  artifactKey: Guid(a9adff93116715b47aafe7606505d563) Importer(2089858483,0ecaa5967403d082aa24f35e1b516d23)
Start importing Assets/ScriptableObjects/SpawnScenarios/Level main 2/SpawnScenarioAsset Enemy Level_2_Wave 2.asset using Guid(a9adff93116715b47aafe7606505d563) Importer(2089858483,0ecaa5967403d082aa24f35e1b516d23)  -> (artifact id: 'dc26a05fe7fbf2feb8ad76d4e00233f3') in 0.027210 seconds
Number of updated asset objects reloaded before import = 0
Number of asset objects unloaded after import = 33
========================================================================
Received Import Request.
  Time since last request: 0.000129 seconds.
  path: Assets/ScriptableObjects/SpawnScenarios/Level brachn 1/SpawnScenarioAsset Level_branch_1 Wave 2.asset
  artifactKey: Guid(2ae1d2b743f3e7f429d6a4dec406bb65) Importer(2089858483,0ecaa5967403d082aa24f35e1b516d23)
Start importing Assets/ScriptableObjects/SpawnScenarios/Level brachn 1/SpawnScenarioAsset Level_branch_1 Wave 2.asset using Guid(2ae1d2b743f3e7f429d6a4dec406bb65) Importer(2089858483,0ecaa5967403d082aa24f35e1b516d23)  -> (artifact id: '7c66b0f37d66176d927f6f7f327f8467') in 0.057984 seconds
Number of updated asset objects reloaded before import = 0
Number of asset objects unloaded after import = 30
========================================================================
Received Import Request.
  Time since last request: 0.000053 seconds.
  path: Assets/ScriptableObjects/Enemy/Orcs/Properties_Enemy_Orc_Small.asset
  artifactKey: Guid(e22a7053085994841ab03f4aced54876) Importer(2089858483,0ecaa5967403d082aa24f35e1b516d23)
Start importing Assets/ScriptableObjects/Enemy/Orcs/Properties_Enemy_Orc_Small.asset using Guid(e22a7053085994841ab03f4aced54876) Importer(2089858483,0ecaa5967403d082aa24f35e1b516d23)  -> (artifact id: '6eb8946263101d5074e57ee9cca5b8e7') in 0.036782 seconds
Number of updated asset objects reloaded before import = 0
Number of asset objects unloaded after import = 5
========================================================================
Received Import Request.
  Time since last request: 0.000021 seconds.
  path: Assets/ScriptableObjects/Condition/LevelAccess/Level_Access_Condition 2.asset
  artifactKey: Guid(551423f38d688ce43b882fedf91e0a14) Importer(2089858483,0ecaa5967403d082aa24f35e1b516d23)
Start importing Assets/ScriptableObjects/Condition/LevelAccess/Level_Access_Condition 2.asset using Guid(551423f38d688ce43b882fedf91e0a14) Importer(2089858483,0ecaa5967403d082aa24f35e1b516d23)  -> (artifact id: '78514e208cb810c2f70ba1aae7763e83') in 0.131936 seconds
Number of updated asset objects reloaded before import = 0
Number of asset objects unloaded after import = 76
========================================================================
Received Import Request.
  Time since last request: 0.000064 seconds.
  path: Assets/ScriptableObjects/SpawnScenarios/ScenarioSecond/SpawnScenarioSecondaryAsset Enemy Level_A_Wave 1.asset
  artifactKey: Guid(7be430b57f03ba14db2f74aa24b348d0) Importer(2089858483,0ecaa5967403d082aa24f35e1b516d23)
Start importing Assets/ScriptableObjects/SpawnScenarios/ScenarioSecond/SpawnScenarioSecondaryAsset Enemy Level_A_Wave 1.asset using Guid(7be430b57f03ba14db2f74aa24b348d0) Importer(2089858483,0ecaa5967403d082aa24f35e1b516d23)  -> (artifact id: '99c24abe6e4c18456dbbac8aa033bd70') in 0.069163 seconds
Number of updated asset objects reloaded before import = 0
Number of asset objects unloaded after import = 1
========================================================================
Received Import Request.
  Time since last request: 0.000033 seconds.
  path: Assets/Prefabs/UI/Level entry/LevelBrancEntry.prefab
  artifactKey: Guid(37c95529d54ffd34cbad6a9939f9e2ce) Importer(2089858483,0ecaa5967403d082aa24f35e1b516d23)
Start importing Assets/Prefabs/UI/Level entry/LevelBrancEntry.prefab using Guid(37c95529d54ffd34cbad6a9939f9e2ce) Importer(2089858483,0ecaa5967403d082aa24f35e1b516d23)  -> (artifact id: '0f72dbb8e1c4a60643c182d8ed34eb5d') in 0.066056 seconds
Number of updated asset objects reloaded before import = 0
Number of asset objects unloaded after import = 35
========================================================================
Received Import Request.
  Time since last request: 0.000022 seconds.
  path: Assets/ScriptableObjects/SpawnScenarios/ScenarioSecond/SpawnScenarioSecondaryAsset Enemy Level_A_Wave 2.asset
  artifactKey: Guid(82148fd7dfd915c469c48876731d61e5) Importer(2089858483,0ecaa5967403d082aa24f35e1b516d23)
Start importing Assets/ScriptableObjects/SpawnScenarios/ScenarioSecond/SpawnScenarioSecondaryAsset Enemy Level_A_Wave 2.asset using Guid(82148fd7dfd915c469c48876731d61e5) Importer(2089858483,0ecaa5967403d082aa24f35e1b516d23)  -> (artifact id: '9ff0a685309245356ac98d7450e286bc') in 0.021832 seconds
Number of updated asset objects reloaded before import = 0
Number of asset objects unloaded after import = 1
========================================================================
Received Import Request.
  Time since last request: 0.000020 seconds.
  path: Assets/ScriptableObjects/SpawnScenarios/SpawnDataAsset/SpawnData Limit_Enemy_OrcSmall_O4_I20_T2_Second.asset
  artifactKey: Guid(d9b8039ed71995e429136f91025ff706) Importer(2089858483,0ecaa5967403d082aa24f35e1b516d23)
Start importing Assets/ScriptableObjects/SpawnScenarios/SpawnDataAsset/SpawnData Limit_Enemy_OrcSmall_O4_I20_T2_Second.asset using Guid(d9b8039ed71995e429136f91025ff706) Importer(2089858483,0ecaa5967403d082aa24f35e1b516d23)  -> (artifact id: '86a5387b20b0143c96b9350492b67b7e') in 0.030774 seconds
Number of updated asset objects reloaded before import = 0
Number of asset objects unloaded after import = 29
========================================================================
Received Import Request.
  Time since last request: 0.000058 seconds.
  path: Assets/Scripts/Assets/Conditions/LevelConditionSpawnComplete.cs
  artifactKey: Guid(e5fcb96458bb0664896167005c488cc8) Importer(2089858483,0ecaa5967403d082aa24f35e1b516d23)
Start importing Assets/Scripts/Assets/Conditions/LevelConditionSpawnComplete.cs using Guid(e5fcb96458bb0664896167005c488cc8) Importer(2089858483,0ecaa5967403d082aa24f35e1b516d23)  -> (artifact id: 'dbaaeb82091844964370dbd25925545b') in 0.041255 seconds
Number of updated asset objects reloaded before import = 0
Number of asset objects unloaded after import = 1
========================================================================
Received Import Request.
  Time since last request: 0.000034 seconds.
  path: Assets/Scripts/Assets/Ability/AbilityAsset.cs
  artifactKey: Guid(dda5d311ae5bb6f44952068d4e450daa) Importer(2089858483,0ecaa5967403d082aa24f35e1b516d23)
Start importing Assets/Scripts/Assets/Ability/AbilityAsset.cs using Guid(dda5d311ae5bb6f44952068d4e450daa) Importer(2089858483,0ecaa5967403d082aa24f35e1b516d23)  -> (artifact id: '765e4086fa7db8dc431258e50611e9e8') in 0.067972 seconds
Number of updated asset objects reloaded before import = 0
Number of asset objects unloaded after import = 1
========================================================================
Received Import Request.
  Time since last request: 0.000049 seconds.
  path: Assets/Scripts/Assets/Conditions/LevelAccessConditionAsset.cs
  artifactKey: Guid(0859bcec24027014d84e27bdef9e18fc) Importer(2089858483,0ecaa5967403d082aa24f35e1b516d23)
Start importing Assets/Scripts/Assets/Conditions/LevelAccessConditionAsset.cs using Guid(0859bcec24027014d84e27bdef9e18fc) Importer(2089858483,0ecaa5967403d082aa24f35e1b516d23)  -> (artifact id: '71ff987d3ecbc268726f9f482169b741') in 0.019885 seconds
Number of updated asset objects reloaded before import = 0
Number of asset objects unloaded after import = 1
========================================================================
Received Import Request.
  Time since last request: 0.000069 seconds.
  path: Assets/Scripts/Assets/Item/UnlockerAsset.cs
  artifactKey: Guid(0ab6bdbadd76e7b40b23c7bb92b84465) Importer(2089858483,0ecaa5967403d082aa24f35e1b516d23)
Start importing Assets/Scripts/Assets/Item/UnlockerAsset.cs using Guid(0ab6bdbadd76e7b40b23c7bb92b84465) Importer(2089858483,0ecaa5967403d082aa24f35e1b516d23)  -> (artifact id: '24a84aab4713f4022159d3bf2724c55d') in 0.021474 seconds
Number of updated asset objects reloaded before import = 0
Number of asset objects unloaded after import = 1
========================================================================
Received Import Request.
  Time since last request: 0.000087 seconds.
  path: Assets/Scripts/Assets/Conditions/LevelConditionCustom.cs
  artifactKey: Guid(0e9c76a1ffbce184c950291ded3e953f) Importer(2089858483,0ecaa5967403d082aa24f35e1b516d23)
Start importing Assets/Scripts/Assets/Conditions/LevelConditionCustom.cs using Guid(0e9c76a1ffbce184c950291ded3e953f) Importer(2089858483,0ecaa5967403d082aa24f35e1b516d23)  -> (artifact id: '314dcf16fc825e43e35cba235a9a6274') in 0.035016 seconds
Number of updated asset objects reloaded before import = 0
Number of asset objects unloaded after import = 1
========================================================================
Received Import Request.
  Time since last request: 0.000056 seconds.
  path: Assets/ScriptableObjects/Levels/Main levels/03_Level_main.asset
  artifactKey: Guid(5f3ead61609aba840982152200e8b113) Importer(2089858483,0ecaa5967403d082aa24f35e1b516d23)
Start importing Assets/ScriptableObjects/Levels/Main levels/03_Level_main.asset using Guid(5f3ead61609aba840982152200e8b113) Importer(2089858483,0ecaa5967403d082aa24f35e1b516d23)  -> (artifact id: '534b3f68f48cb3a56a1eab049b3efc0a') in 0.052480 seconds
Number of updated asset objects reloaded before import = 0
Number of asset objects unloaded after import = 73
========================================================================
Received Import Request.
  Time since last request: 0.000024 seconds.
  path: Assets/Scripts/Level/Controllers/SaveController.cs
  artifactKey: Guid(3784766b0b7745c41a29bbf4555465aa) Importer(2089858483,0ecaa5967403d082aa24f35e1b516d23)
Start importing Assets/Scripts/Level/Controllers/SaveController.cs using Guid(3784766b0b7745c41a29bbf4555465aa) Importer(2089858483,0ecaa5967403d082aa24f35e1b516d23)  -> (artifact id: '190dd3b63222d6990ee800f52ef17612') in 0.020683 seconds
Number of updated asset objects reloaded before import = 0
Number of asset objects unloaded after import = 1
========================================================================
Received Import Request.
  Time since last request: 0.000035 seconds.
  path: Assets/Art/GUI/Sliced/GUI_2x_sliced.png
  artifactKey: Guid(25d2dc5cc5dbe5843b219e868efcb140) Importer(2089858483,0ecaa5967403d082aa24f35e1b516d23)
Start importing Assets/Art/GUI/Sliced/GUI_2x_sliced.png using Guid(25d2dc5cc5dbe5843b219e868efcb140) Importer(2089858483,0ecaa5967403d082aa24f35e1b516d23)  -> (artifact id: '15409f09574e0d72eacb55bdbcefaeca') in 0.036768 seconds
Number of updated asset objects reloaded before import = 0
Number of asset objects unloaded after import = 3
========================================================================
Received Import Request.
  Time since last request: 0.000027 seconds.
  path: Assets/Scripts/Level/Controllers/LevelResultController.cs
  artifactKey: Guid(05a8c9b6ebab1614ebd7d716f22a1948) Importer(2089858483,0ecaa5967403d082aa24f35e1b516d23)
Start importing Assets/Scripts/Level/Controllers/LevelResultController.cs using Guid(05a8c9b6ebab1614ebd7d716f22a1948) Importer(2089858483,0ecaa5967403d082aa24f35e1b516d23)  -> (artifact id: 'daafe1bcf73d971bc261bc563b8d267e') in 0.021970 seconds
Number of updated asset objects reloaded before import = 0
Number of asset objects unloaded after import = 1
========================================================================
Received Import Request.
  Time since last request: 0.000083 seconds.
  path: Assets/Prefabs/LevelActions/Main/MainLevelAction 3.prefab
  artifactKey: Guid(b3f2f86c636c0cd47bc83a6c64489efd) Importer(2089858483,0ecaa5967403d082aa24f35e1b516d23)
Start importing Assets/Prefabs/LevelActions/Main/MainLevelAction 3.prefab using Guid(b3f2f86c636c0cd47bc83a6c64489efd) Importer(2089858483,0ecaa5967403d082aa24f35e1b516d23)  -> (artifact id: 'a1e8d1faf292ca19801bde6a3de49284') in 0.190110 seconds
Number of updated asset objects reloaded before import = 0
Number of asset objects unloaded after import = 293
========================================================================
Received Import Request.
  Time since last request: 0.000041 seconds.
  path: Assets/ScriptableObjects/Items/Upgrades/Ability/Upgrade_SlowDown_BuffTime_50.asset
  artifactKey: Guid(09f54709e3e22434ba13d5f8f50ca40d) Importer(2089858483,0ecaa5967403d082aa24f35e1b516d23)
Start importing Assets/ScriptableObjects/Items/Upgrades/Ability/Upgrade_SlowDown_BuffTime_50.asset using Guid(09f54709e3e22434ba13d5f8f50ca40d) Importer(2089858483,0ecaa5967403d082aa24f35e1b516d23)  -> (artifact id: '9b60b61968f573eb62d8e6defd901545') in 0.050269 seconds
Number of updated asset objects reloaded before import = 0
Number of asset objects unloaded after import = 2
========================================================================
Received Import Request.
  Time since last request: 0.000081 seconds.
  path: Assets/ScriptableObjects/Items/Unlocker/Tower/Unlock_Tower_Mage_0.asset
  artifactKey: Guid(210a7cb9cfcbf32479b7b6a832ca8420) Importer(2089858483,0ecaa5967403d082aa24f35e1b516d23)
Start importing Assets/ScriptableObjects/Items/Unlocker/Tower/Unlock_Tower_Mage_0.asset using Guid(210a7cb9cfcbf32479b7b6a832ca8420) Importer(2089858483,0ecaa5967403d082aa24f35e1b516d23)  -> (artifact id: 'ebd59f58249118d3e582dccab12071ae') in 0.041691 seconds
Number of updated asset objects reloaded before import = 0
Number of asset objects unloaded after import = 52
========================================================================
Received Import Request.
  Time since last request: 0.000060 seconds.
  path: Assets/ScriptableObjects/Items/Upgrades/Player/Upgrade_Player_Live_10.asset
  artifactKey: Guid(32872c39246ba3e4e814489482d28a4a) Importer(2089858483,0ecaa5967403d082aa24f35e1b516d23)
Start importing Assets/ScriptableObjects/Items/Upgrades/Player/Upgrade_Player_Live_10.asset using Guid(32872c39246ba3e4e814489482d28a4a) Importer(2089858483,0ecaa5967403d082aa24f35e1b516d23)  -> (artifact id: '3d9357cdecb9076f6ead33bab3e180c1') in 0.029555 seconds
Number of updated asset objects reloaded before import = 0
Number of asset objects unloaded after import = 2
========================================================================
Received Import Request.
  Time since last request: 0.000041 seconds.
  path: Assets/ScriptableObjects/SpawnScenarios/SpawnDataAsset/SecondDataSecond/SpawnDataSecond Enemy_OrcNormal_First.asset
  artifactKey: Guid(31f6fc7c2da15744791842f8654778b3) Importer(2089858483,0ecaa5967403d082aa24f35e1b516d23)
Start importing Assets/ScriptableObjects/SpawnScenarios/SpawnDataAsset/SecondDataSecond/SpawnDataSecond Enemy_OrcNormal_First.asset using Guid(31f6fc7c2da15744791842f8654778b3) Importer(2089858483,0ecaa5967403d082aa24f35e1b516d23)  -> (artifact id: '5655df8497ce43e602208c625c19895e') in 0.029005 seconds
Number of updated asset objects reloaded before import = 0
Number of asset objects unloaded after import = 6
========================================================================
Received Import Request.
  Time since last request: 0.000050 seconds.
  path: Assets/Scripts/_imported/Other/EnergyShield.cs
  artifactKey: Guid(73e88785ecf5c57429940afbb2ad4ff6) Importer(2089858483,0ecaa5967403d082aa24f35e1b516d23)
Start importing Assets/Scripts/_imported/Other/EnergyShield.cs using Guid(73e88785ecf5c57429940afbb2ad4ff6) Importer(2089858483,0ecaa5967403d082aa24f35e1b516d23)  -> (artifact id: 'e373d32667ef2900eda9a38488c7d5b1') in 0.023816 seconds
Number of updated asset objects reloaded before import = 0
Number of asset objects unloaded after import = 1
========================================================================
Received Import Request.
  Time since last request: 0.000045 seconds.
  path: Assets/Scripts/_imported/Other/MonoSingleton.cs
  artifactKey: Guid(cc63ee13601fc6142bbc0836ba1929e3) Importer(2089858483,0ecaa5967403d082aa24f35e1b516d23)
Start importing Assets/Scripts/_imported/Other/MonoSingleton.cs using Guid(cc63ee13601fc6142bbc0836ba1929e3) Importer(2089858483,0ecaa5967403d082aa24f35e1b516d23)  -> (artifact id: '4a2c7ff03f1eff2639aca4b05a2a4950') in 0.025835 seconds
Number of updated asset objects reloaded before import = 0
Number of asset objects unloaded after import = 1
========================================================================
Received Import Request.
  Time since last request: 0.000046 seconds.
  path: Assets/ScriptableObjects/SpawnScenarios/SpawnDataAsset/SecondDataSecond/SpawnDataSecond Enemy_OrcSmall_Second.asset
  artifactKey: Guid(4ea112963f5cf424faafd7d0183e433b) Importer(2089858483,0ecaa5967403d082aa24f35e1b516d23)
Start importing Assets/ScriptableObjects/SpawnScenarios/SpawnDataAsset/SecondDataSecond/SpawnDataSecond Enemy_OrcSmall_Second.asset using Guid(4ea112963f5cf424faafd7d0183e433b) Importer(2089858483,0ecaa5967403d082aa24f35e1b516d23)  -> (artifact id: '3a17eb7d9153deea211725dccf741d10') in 0.024147 seconds
Number of updated asset objects reloaded before import = 0
Number of asset objects unloaded after import = 6
========================================================================
Received Import Request.
  Time since last request: 0.000037 seconds.
  path: Assets/Scripts/_imported/Other/PointerClickHold.cs
  artifactKey: Guid(240670622f837af408226fd3bbb2ad92) Importer(2089858483,0ecaa5967403d082aa24f35e1b516d23)
Start importing Assets/Scripts/_imported/Other/PointerClickHold.cs using Guid(240670622f837af408226fd3bbb2ad92) Importer(2089858483,0ecaa5967403d082aa24f35e1b516d23)  -> (artifact id: '1a2e78751fe61b059b86be5663d83f0e') in 0.022466 seconds
Number of updated asset objects reloaded before import = 0
Number of asset objects unloaded after import = 1
========================================================================
Received Import Request.
  Time since last request: 0.000059 seconds.
  path: Assets/ScriptableObjects/Turret/Properties_Turret_Arrow.asset
  artifactKey: Guid(eab74a5c9b9582141842ac720d8d15dc) Importer(2089858483,0ecaa5967403d082aa24f35e1b516d23)
Start importing Assets/ScriptableObjects/Turret/Properties_Turret_Arrow.asset using Guid(eab74a5c9b9582141842ac720d8d15dc) Importer(2089858483,0ecaa5967403d082aa24f35e1b516d23)  -> (artifact id: 'abe45602a8eb55165eac434138b1fffe') in 0.025069 seconds
Number of updated asset objects reloaded before import = 0
Number of asset objects unloaded after import = 15
========================================================================
Received Import Request.
  Time since last request: 0.000079 seconds.
  path: Assets/ScriptableObjects/Ability/Buff/AbilitySlowsDown.asset
  artifactKey: Guid(3afc064c03709be4bbeab0bbad9e30ec) Importer(2089858483,0ecaa5967403d082aa24f35e1b516d23)
Start importing Assets/ScriptableObjects/Ability/Buff/AbilitySlowsDown.asset using Guid(3afc064c03709be4bbeab0bbad9e30ec) Importer(2089858483,0ecaa5967403d082aa24f35e1b516d23)  -> (artifact id: '7a2a990e3e92385f9570b549fdb2b6ce') in 0.038834 seconds
Number of updated asset objects reloaded before import = 0
Number of asset objects unloaded after import = 2
========================================================================
Received Import Request.
  Time since last request: 0.000065 seconds.
  path: Assets/Scenes/Main scenes/main_scene 1.unity
  artifactKey: Guid(2cda990e2423bbf4892e6590ba056729) Importer(2089858483,0ecaa5967403d082aa24f35e1b516d23)
Start importing Assets/Scenes/Main scenes/main_scene 1.unity using Guid(2cda990e2423bbf4892e6590ba056729) Importer(2089858483,0ecaa5967403d082aa24f35e1b516d23)  -> (artifact id: '418fac7d448671df6983918591357f83') in 0.019963 seconds
Number of updated asset objects reloaded before import = 0
Number of asset objects unloaded after import = 1
========================================================================
Received Import Request.
  Time since last request: 0.000078 seconds.
  path: Assets/Scripts/Assets/Ability/Buff/AbilitySpeedLoss.cs
  artifactKey: Guid(cfb16cb8db8f1d14fbadc9ce62b61028) Importer(2089858483,0ecaa5967403d082aa24f35e1b516d23)
Start importing Assets/Scripts/Assets/Ability/Buff/AbilitySpeedLoss.cs using Guid(cfb16cb8db8f1d14fbadc9ce62b61028) Importer(2089858483,0ecaa5967403d082aa24f35e1b516d23)  -> (artifact id: 'c9936d7b40d79bc4ea1ec09dbca86ae6') in 0.019319 seconds
Number of updated asset objects reloaded before import = 0
Number of asset objects unloaded after import = 1
========================================================================
Received Import Request.
  Time since last request: 0.000050 seconds.
  path: Assets/Scripts/Ability/Ability.cs
  artifactKey: Guid(223960ba9b7bbd14a94bfb28de8a255f) Importer(2089858483,0ecaa5967403d082aa24f35e1b516d23)
Start importing Assets/Scripts/Ability/Ability.cs using Guid(223960ba9b7bbd14a94bfb28de8a255f) Importer(2089858483,0ecaa5967403d082aa24f35e1b516d23)  -> (artifact id: '08e3db0540e31d55e78074db6a754be4') in 0.024332 seconds
Number of updated asset objects reloaded before import = 0
Number of asset objects unloaded after import = 1
========================================================================
Received Import Request.
  Time since last request: 0.000068 seconds.
  path: Assets/ScriptableObjects/Items/Upgrades/Tower/PiercingArcher/Upgrade_PiercingArcher_Damage_50.asset
  artifactKey: Guid(f974032f03908c941b81dba22f356ab9) Importer(2089858483,0ecaa5967403d082aa24f35e1b516d23)
Start importing Assets/ScriptableObjects/Items/Upgrades/Tower/PiercingArcher/Upgrade_PiercingArcher_Damage_50.asset using Guid(f974032f03908c941b81dba22f356ab9) Importer(2089858483,0ecaa5967403d082aa24f35e1b516d23)  -> (artifact id: '1e8a8e27048386c97053b5666c5abc1f') in 0.055253 seconds
Number of updated asset objects reloaded before import = 0
Number of asset objects unloaded after import = 2
========================================================================
Received Import Request.
  Time since last request: 0.000056 seconds.
  path: Assets/Scripts/_imported/Projectile/Projectile.cs
  artifactKey: Guid(be145b85f7c69f8489a7aecb0ff34d53) Importer(2089858483,0ecaa5967403d082aa24f35e1b516d23)
Start importing Assets/Scripts/_imported/Projectile/Projectile.cs using Guid(be145b85f7c69f8489a7aecb0ff34d53) Importer(2089858483,0ecaa5967403d082aa24f35e1b516d23)  -> (artifact id: 'e6559552a1ff75c7eca0d89ee352e02d') in 0.018065 seconds
Number of updated asset objects reloaded before import = 0
Number of asset objects unloaded after import = 1
========================================================================
Received Import Request.
  Time since last request: 0.000056 seconds.
  path: Assets/Scripts/_imported/VisualEffects/VisualEffectScript.cs
  artifactKey: Guid(88ff250b2274da444b6705ffe9ef4279) Importer(2089858483,0ecaa5967403d082aa24f35e1b516d23)
Start importing Assets/Scripts/_imported/VisualEffects/VisualEffectScript.cs using Guid(88ff250b2274da444b6705ffe9ef4279) Importer(2089858483,0ecaa5967403d082aa24f35e1b516d23)  -> (artifact id: 'f48c5967a469863b495cf3d706fac81b') in 0.023051 seconds
Number of updated asset objects reloaded before import = 0
Number of asset objects unloaded after import = 1
========================================================================
Received Import Request.
  Time since last request: 0.000052 seconds.
  path: Assets/Art/21.png
  artifactKey: Guid(526db5a582fa70d4dbccd5181a532237) Importer(2089858483,0ecaa5967403d082aa24f35e1b516d23)
Start importing Assets/Art/21.png using Guid(526db5a582fa70d4dbccd5181a532237) Importer(2089858483,0ecaa5967403d082aa24f35e1b516d23)  -> (artifact id: 'a5596a735708343c941956476576f616') in 0.032589 seconds
Number of updated asset objects reloaded before import = 0
Number of asset objects unloaded after import = 3
========================================================================
Received Import Request.
  Time since last request: 0.000050 seconds.
  path: Assets/Scripts/Assets/TowerAsset.cs
  artifactKey: Guid(de78a71f0e6e3584e9a6597242916205) Importer(2089858483,0ecaa5967403d082aa24f35e1b516d23)
Start importing Assets/Scripts/Assets/TowerAsset.cs using Guid(de78a71f0e6e3584e9a6597242916205) Importer(2089858483,0ecaa5967403d082aa24f35e1b516d23)  -> (artifact id: '3716925e4f950a8677504fed1c04cb7a') in 0.022890 seconds
Number of updated asset objects reloaded before import = 0
Number of asset objects unloaded after import = 1
========================================================================
Received Import Request.
  Time since last request: 0.000062 seconds.
  path: Assets/Art/13.png
  artifactKey: Guid(c419379e846fd20469fc041108ddfd05) Importer(2089858483,0ecaa5967403d082aa24f35e1b516d23)
Start importing Assets/Art/13.png using Guid(c419379e846fd20469fc041108ddfd05) Importer(2089858483,0ecaa5967403d082aa24f35e1b516d23)  -> (artifact id: '28cf0f0ec7943202cda041a43382dd40') in 0.032698 seconds
Number of updated asset objects reloaded before import = 0
Number of asset objects unloaded after import = 3
========================================================================
Received Import Request.
  Time since last request: 0.000086 seconds.
  path: Assets/Scripts/Ui/HUDController.cs
  artifactKey: Guid(5405abb3353eb6543bb97f9d2852a360) Importer(2089858483,0ecaa5967403d082aa24f35e1b516d23)
Start importing Assets/Scripts/Ui/HUDController.cs using Guid(5405abb3353eb6543bb97f9d2852a360) Importer(2089858483,0ecaa5967403d082aa24f35e1b516d23)  -> (artifact id: '598e60cae9813338a9bccaf75133f682') in 0.022090 seconds
Number of updated asset objects reloaded before import = 0
Number of asset objects unloaded after import = 1
========================================================================
Received Import Request.
  Time since last request: 0.000054 seconds.
  path: Assets/Scripts/Level/LevelAsset.cs
  artifactKey: Guid(1038bc8a17009b74295842bc4c0cad01) Importer(2089858483,0ecaa5967403d082aa24f35e1b516d23)
Start importing Assets/Scripts/Level/LevelAsset.cs using Guid(1038bc8a17009b74295842bc4c0cad01) Importer(2089858483,0ecaa5967403d082aa24f35e1b516d23)  -> (artifact id: '6ed1a4aee54db76d1e42d781586614e2') in 0.023743 seconds
Number of updated asset objects reloaded before import = 0
Number of asset objects unloaded after import = 1
========================================================================
Received Import Request.
  Time since last request: 0.000055 seconds.
  path: Assets/ScriptableObjects/Turret/Properties_Turret_Mage.asset
  artifactKey: Guid(2c5dc5b484b97384fb57e9d8671a90f0) Importer(2089858483,0ecaa5967403d082aa24f35e1b516d23)
Start importing Assets/ScriptableObjects/Turret/Properties_Turret_Mage.asset using Guid(2c5dc5b484b97384fb57e9d8671a90f0) Importer(2089858483,0ecaa5967403d082aa24f35e1b516d23)  -> (artifact id: 'cccfc1d64e988d5fc2f5cdf9fd0ea711') in 0.034709 seconds
Number of updated asset objects reloaded before import = 0
Number of asset objects unloaded after import = 29
========================================================================
Received Import Request.
  Time since last request: 0.000049 seconds.
  path: Assets/Scripts/Ui/LevelPanelController.cs
  artifactKey: Guid(b66f6a4d96daa53429721219d3fcb658) Importer(2089858483,0ecaa5967403d082aa24f35e1b516d23)
Start importing Assets/Scripts/Ui/LevelPanelController.cs using Guid(b66f6a4d96daa53429721219d3fcb658) Importer(2089858483,0ecaa5967403d082aa24f35e1b516d23)  -> (artifact id: '703c7331ee1a4dac05b3450fcbf71f2e') in 0.022608 seconds
Number of updated asset objects reloaded before import = 0
Number of asset objects unloaded after import = 1
========================================================================
Received Import Request.
  Time since last request: 0.000022 seconds.
  path: Assets/Scripts/DamgeZone.cs
  artifactKey: Guid(78b4d76c1ce954a41af348a004343202) Importer(2089858483,0ecaa5967403d082aa24f35e1b516d23)
Start importing Assets/Scripts/DamgeZone.cs using Guid(78b4d76c1ce954a41af348a004343202) Importer(2089858483,0ecaa5967403d082aa24f35e1b516d23)  -> (artifact id: '6a5bdca5f46dba35a86ae4a74f6f4968') in 0.019291 seconds
Number of updated asset objects reloaded before import = 0
Number of asset objects unloaded after import = 1
========================================================================
Received Import Request.
  Time since last request: 0.000023 seconds.
  path: Assets/Scripts/Tower.cs
  artifactKey: Guid(af3186fb5efbdc74cae1fce7a2315c9f) Importer(2089858483,0ecaa5967403d082aa24f35e1b516d23)
Start importing Assets/Scripts/Tower.cs using Guid(af3186fb5efbdc74cae1fce7a2315c9f) Importer(2089858483,0ecaa5967403d082aa24f35e1b516d23)  -> (artifact id: 'd4bdc9b94dabdf5d87e3f6c64537c410') in 0.028604 seconds
Number of updated asset objects reloaded before import = 0
Number of asset objects unloaded after import = 1
========================================================================
Received Import Request.
  Time since last request: 0.000025 seconds.
  path: Assets/Scripts/Entity/Entity.cs
  artifactKey: Guid(b12d2cb86475ee64eaba347783f0b206) Importer(2089858483,0ecaa5967403d082aa24f35e1b516d23)
Start importing Assets/Scripts/Entity/Entity.cs using Guid(b12d2cb86475ee64eaba347783f0b206) Importer(2089858483,0ecaa5967403d082aa24f35e1b516d23)  -> (artifact id: '57918cb0726d6572cb8f106cf644bfef') in 0.023930 seconds
Number of updated asset objects reloaded before import = 0
Number of asset objects unloaded after import = 1
Editor requested this worker to shutdown with reason: Scaling down because of idle timeout
TcpMessagingSession - receive error: operation aborted. errorcode: 995, details:  /   -       .
AssetImportWorker is now disconnected from the server
Process exiting
Exiting without the bug reporter. Application will terminate with return code 0